{"C:\\Projects\\opencode_sidebar\\src\\extension\\extension.ts": {"path":"C:\\Projects\\opencode_sidebar\\src\\extension\\extension.ts","statementMap":{"0":{"start":{"line":7,"column":2},"end":{"line":7,"column":null}},"1":{"start":{"line":8,"column":2},"end":{"line":10,"column":null}},"2":{"start":{"line":14,"column":2},"end":{"line":14,"column":null}},"3":{"start":{"line":15,"column":2},"end":{"line":15,"column":null}}},"fnMap":{"0":{"name":"activate","decl":{"start":{"line":6,"column":16},"end":{"line":6,"column":25}},"loc":{"start":{"line":6,"column":59},"end":{"line":11,"column":null}},"line":6},"1":{"name":"deactivate","decl":{"start":{"line":13,"column":16},"end":{"line":13,"column":29}},"loc":{"start":{"line":13,"column":29},"end":{"line":16,"column":null}},"line":13}},"branchMap":{},"s":{"0":0,"1":0,"2":0,"3":0},"f":{"0":0,"1":0},"b":{},"meta":{"lastBranch":0,"lastFunction":2,"lastStatement":4,"seen":{"f:6:16:6:25":0,"s:7:2:7:Infinity":0,"s:8:2:10:Infinity":1,"f:13:16:13:29":1,"s:14:2:14:Infinity":2,"s:15:2:15:Infinity":3},"fnNames":{}}}
,"C:\\Projects\\opencode_sidebar\\src\\extension\\utils.ts": {"path":"C:\\Projects\\opencode_sidebar\\src\\extension\\utils.ts","statementMap":{"0":{"start":{"line":4,"column":2},"end":{"line":4,"column":null}}},"fnMap":{"0":{"name":"getNonce","decl":{"start":{"line":3,"column":16},"end":{"line":3,"column":35}},"loc":{"start":{"line":3,"column":35},"end":{"line":5,"column":null}},"line":3}},"branchMap":{},"s":{"0":2},"f":{"0":2},"b":{},"meta":{"lastBranch":0,"lastFunction":1,"lastStatement":1,"seen":{"f:3:16:3:35":0,"s:4:2:4:Infinity":0},"fnNames":{}}}
,"C:\\Projects\\opencode_sidebar\\src\\extension\\providers\\SidebarProvider.ts": {"path":"C:\\Projects\\opencode_sidebar\\src\\extension\\providers\\SidebarProvider.ts","statementMap":{"0":{"start":{"line":15,"column":36},"end":{"line":15,"column":null}},"1":{"start":{"line":21,"column":31},"end":{"line":21,"column":58}},"2":{"start":{"line":22,"column":4},"end":{"line":22,"column":null}},"3":{"start":{"line":23,"column":4},"end":{"line":23,"column":null}},"4":{"start":{"line":24,"column":24},"end":{"line":24,"column":null}},"5":{"start":{"line":25,"column":17},"end":{"line":25,"column":null}},"6":{"start":{"line":26,"column":19},"end":{"line":26,"column":null}},"7":{"start":{"line":27,"column":10},"end":{"line":27,"column":null}},"8":{"start":{"line":27,"column":57},"end":{"line":27,"column":null}},"9":{"start":{"line":28,"column":27},"end":{"line":28,"column":null}},"10":{"start":{"line":29,"column":17},"end":{"line":29,"column":null}},"11":{"start":{"line":30,"column":17},"end":{"line":30,"column":null}},"12":{"start":{"line":31,"column":16},"end":{"line":31,"column":null}},"13":{"start":{"line":31,"column":55},"end":{"line":31,"column":87}},"14":{"start":{"line":32,"column":4},"end":{"line":32,"column":null}},"15":{"start":{"line":36,"column":4},"end":{"line":36,"column":null}},"16":{"start":{"line":37,"column":4},"end":{"line":37,"column":null}},"17":{"start":{"line":38,"column":22},"end":{"line":38,"column":null}},"18":{"start":{"line":39,"column":4},"end":{"line":39,"column":null}},"19":{"start":{"line":39,"column":80},"end":{"line":39,"column":89}},"20":{"start":{"line":40,"column":4},"end":{"line":43,"column":null}},"21":{"start":{"line":41,"column":6},"end":{"line":41,"column":null}},"22":{"start":{"line":41,"column":39},"end":{"line":41,"column":null}},"23":{"start":{"line":42,"column":6},"end":{"line":42,"column":null}},"24":{"start":{"line":47,"column":4},"end":{"line":47,"column":null}},"25":{"start":{"line":51,"column":4},"end":{"line":51,"column":null}},"26":{"start":{"line":51,"column":117},"end":{"line":51,"column":null}},"27":{"start":{"line":52,"column":4},"end":{"line":52,"column":null}},"28":{"start":{"line":56,"column":21},"end":{"line":56,"column":null}},"29":{"start":{"line":57,"column":4},"end":{"line":57,"column":null}},"30":{"start":{"line":57,"column":53},"end":{"line":57,"column":null}},"31":{"start":{"line":58,"column":4},"end":{"line":58,"column":null}},"32":{"start":{"line":58,"column":28},"end":{"line":58,"column":null}},"33":{"start":{"line":59,"column":18},"end":{"line":59,"column":null}},"34":{"start":{"line":60,"column":10},"end":{"line":60,"column":null}},"35":{"start":{"line":60,"column":46},"end":{"line":60,"column":null}},"36":{"start":{"line":60,"column":66},"end":{"line":60,"column":96}},"37":{"start":{"line":61,"column":4},"end":{"line":61,"column":null}},"38":{"start":{"line":61,"column":32},"end":{"line":61,"column":null}},"39":{"start":{"line":62,"column":4},"end":{"line":62,"column":null}},"40":{"start":{"line":62,"column":29},"end":{"line":62,"column":null}},"41":{"start":{"line":63,"column":4},"end":{"line":63,"column":null}},"42":{"start":{"line":63,"column":31},"end":{"line":63,"column":null}},"43":{"start":{"line":64,"column":4},"end":{"line":64,"column":null}},"44":{"start":{"line":64,"column":34},"end":{"line":64,"column":null}},"45":{"start":{"line":65,"column":4},"end":{"line":65,"column":null}},"46":{"start":{"line":65,"column":30},"end":{"line":65,"column":null}},"47":{"start":{"line":66,"column":4},"end":{"line":66,"column":null}},"48":{"start":{"line":66,"column":38},"end":{"line":66,"column":null}},"49":{"start":{"line":67,"column":4},"end":{"line":67,"column":null}},"50":{"start":{"line":67,"column":42},"end":{"line":67,"column":null}},"51":{"start":{"line":68,"column":4},"end":{"line":68,"column":null}},"52":{"start":{"line":68,"column":30},"end":{"line":68,"column":null}},"53":{"start":{"line":69,"column":4},"end":{"line":69,"column":null}},"54":{"start":{"line":69,"column":87},"end":{"line":69,"column":null}},"55":{"start":{"line":70,"column":4},"end":{"line":70,"column":null}},"56":{"start":{"line":70,"column":32},"end":{"line":70,"column":null}},"57":{"start":{"line":71,"column":4},"end":{"line":71,"column":null}},"58":{"start":{"line":71,"column":32},"end":{"line":71,"column":null}},"59":{"start":{"line":72,"column":4},"end":{"line":72,"column":null}},"60":{"start":{"line":76,"column":4},"end":{"line":76,"column":null}},"61":{"start":{"line":76,"column":44},"end":{"line":76,"column":53}},"62":{"start":{"line":77,"column":4},"end":{"line":77,"column":null}},"63":{"start":{"line":78,"column":4},"end":{"line":78,"column":null}}},"fnMap":{"0":{"name":"constructor","decl":{"start":{"line":21,"column":2},"end":{"line":21,"column":14}},"loc":{"start":{"line":21,"column":92},"end":{"line":33,"column":null}},"line":21},"1":{"name":"(anonymous_1)","decl":{"start":{"line":27,"column":10},"end":{"line":27,"column":18}},"loc":{"start":{"line":27,"column":57},"end":{"line":27,"column":null}},"line":27},"2":{"name":"(anonymous_2)","decl":{"start":{"line":31,"column":31},"end":{"line":31,"column":38}},"loc":{"start":{"line":31,"column":55},"end":{"line":31,"column":87}},"line":31},"3":{"name":"resolveWebviewView","decl":{"start":{"line":35,"column":2},"end":{"line":35,"column":21}},"loc":{"start":{"line":35,"column":60},"end":{"line":44,"column":null}},"line":35},"4":{"name":"(anonymous_4)","decl":{"start":{"line":39,"column":59},"end":{"line":39,"column":80}},"loc":{"start":{"line":39,"column":80},"end":{"line":39,"column":89}},"line":39},"5":{"name":"(anonymous_5)","decl":{"start":{"line":40,"column":44},"end":{"line":40,"column":51}},"loc":{"start":{"line":40,"column":69},"end":{"line":43,"column":5}},"line":40},"6":{"name":"postMessage","decl":{"start":{"line":46,"column":2},"end":{"line":46,"column":14}},"loc":{"start":{"line":46,"column":56},"end":{"line":48,"column":null}},"line":46},"7":{"name":"validateMessage","decl":{"start":{"line":50,"column":2},"end":{"line":50,"column":10}},"loc":{"start":{"line":50,"column":76},"end":{"line":53,"column":null}},"line":50},"8":{"name":"validatePayload","decl":{"start":{"line":55,"column":2},"end":{"line":55,"column":18}},"loc":{"start":{"line":55,"column":59},"end":{"line":73,"column":null}},"line":55},"9":{"name":"(anonymous_9)","decl":{"start":{"line":60,"column":10},"end":{"line":60,"column":24}},"loc":{"start":{"line":60,"column":46},"end":{"line":60,"column":null}},"line":60},"10":{"name":"(anonymous_10)","decl":{"start":{"line":60,"column":51},"end":{"line":60,"column":58}},"loc":{"start":{"line":60,"column":66},"end":{"line":60,"column":96}},"line":60},"11":{"name":"dispose","decl":{"start":{"line":75,"column":2},"end":{"line":75,"column":18}},"loc":{"start":{"line":75,"column":18},"end":{"line":79,"column":null}},"line":75},"12":{"name":"(anonymous_12)","decl":{"start":{"line":76,"column":32},"end":{"line":76,"column":44}},"loc":{"start":{"line":76,"column":44},"end":{"line":76,"column":53}},"line":76}},"branchMap":{"0":{"loc":{"start":{"line":30,"column":17},"end":{"line":30,"column":null}},"type":"binary-expr","locations":[{"start":{"line":30,"column":17},"end":{"line":30,"column":71}},{"start":{"line":30,"column":71},"end":{"line":30,"column":null}}],"line":30},"1":{"loc":{"start":{"line":38,"column":22},"end":{"line":38,"column":null}},"type":"binary-expr","locations":[{"start":{"line":38,"column":22},"end":{"line":38,"column":44}},{"start":{"line":38,"column":44},"end":{"line":38,"column":null}}],"line":38},"2":{"loc":{"start":{"line":41,"column":6},"end":{"line":41,"column":null}},"type":"if","locations":[{"start":{"line":41,"column":6},"end":{"line":41,"column":null}},{"start":{},"end":{}}],"line":41},"3":{"loc":{"start":{"line":51,"column":4},"end":{"line":51,"column":null}},"type":"if","locations":[{"start":{"line":51,"column":4},"end":{"line":51,"column":null}},{"start":{},"end":{}}],"line":51},"4":{"loc":{"start":{"line":51,"column":8},"end":{"line":51,"column":117}},"type":"binary-expr","locations":[{"start":{"line":51,"column":8},"end":{"line":51,"column":27}},{"start":{"line":51,"column":27},"end":{"line":51,"column":63}},{"start":{"line":51,"column":63},"end":{"line":51,"column":117}}],"line":51},"5":{"loc":{"start":{"line":57,"column":4},"end":{"line":57,"column":null}},"type":"if","locations":[{"start":{"line":57,"column":4},"end":{"line":57,"column":null}},{"start":{},"end":{}}],"line":57},"6":{"loc":{"start":{"line":57,"column":8},"end":{"line":57,"column":53}},"type":"binary-expr","locations":[{"start":{"line":57,"column":8},"end":{"line":57,"column":33}},{"start":{"line":57,"column":33},"end":{"line":57,"column":53}}],"line":57},"7":{"loc":{"start":{"line":58,"column":4},"end":{"line":58,"column":null}},"type":"if","locations":[{"start":{"line":58,"column":4},"end":{"line":58,"column":null}},{"start":{},"end":{}}],"line":58},"8":{"loc":{"start":{"line":61,"column":4},"end":{"line":61,"column":null}},"type":"if","locations":[{"start":{"line":61,"column":4},"end":{"line":61,"column":null}},{"start":{},"end":{}}],"line":61},"9":{"loc":{"start":{"line":62,"column":4},"end":{"line":62,"column":null}},"type":"if","locations":[{"start":{"line":62,"column":4},"end":{"line":62,"column":null}},{"start":{},"end":{}}],"line":62},"10":{"loc":{"start":{"line":63,"column":4},"end":{"line":63,"column":null}},"type":"if","locations":[{"start":{"line":63,"column":4},"end":{"line":63,"column":null}},{"start":{},"end":{}}],"line":63},"11":{"loc":{"start":{"line":64,"column":4},"end":{"line":64,"column":null}},"type":"if","locations":[{"start":{"line":64,"column":4},"end":{"line":64,"column":null}},{"start":{},"end":{}}],"line":64},"12":{"loc":{"start":{"line":65,"column":4},"end":{"line":65,"column":null}},"type":"if","locations":[{"start":{"line":65,"column":4},"end":{"line":65,"column":null}},{"start":{},"end":{}}],"line":65},"13":{"loc":{"start":{"line":66,"column":4},"end":{"line":66,"column":null}},"type":"if","locations":[{"start":{"line":66,"column":4},"end":{"line":66,"column":null}},{"start":{},"end":{}}],"line":66},"14":{"loc":{"start":{"line":67,"column":4},"end":{"line":67,"column":null}},"type":"if","locations":[{"start":{"line":67,"column":4},"end":{"line":67,"column":null}},{"start":{},"end":{}}],"line":67},"15":{"loc":{"start":{"line":68,"column":4},"end":{"line":68,"column":null}},"type":"if","locations":[{"start":{"line":68,"column":4},"end":{"line":68,"column":null}},{"start":{},"end":{}}],"line":68},"16":{"loc":{"start":{"line":69,"column":4},"end":{"line":69,"column":null}},"type":"if","locations":[{"start":{"line":69,"column":4},"end":{"line":69,"column":null}},{"start":{},"end":{}}],"line":69},"17":{"loc":{"start":{"line":69,"column":8},"end":{"line":69,"column":87}},"type":"binary-expr","locations":[{"start":{"line":69,"column":8},"end":{"line":69,"column":35}},{"start":{"line":69,"column":35},"end":{"line":69,"column":61}},{"start":{"line":69,"column":61},"end":{"line":69,"column":87}}],"line":69},"18":{"loc":{"start":{"line":69,"column":105},"end":{"line":69,"column":157}},"type":"cond-expr","locations":[{"start":{"line":69,"column":131},"end":{"line":69,"column":146}},{"start":{"line":69,"column":146},"end":{"line":69,"column":157}}],"line":69},"19":{"loc":{"start":{"line":70,"column":4},"end":{"line":70,"column":null}},"type":"if","locations":[{"start":{"line":70,"column":4},"end":{"line":70,"column":null}},{"start":{},"end":{}}],"line":70},"20":{"loc":{"start":{"line":71,"column":4},"end":{"line":71,"column":null}},"type":"if","locations":[{"start":{"line":71,"column":4},"end":{"line":71,"column":null}},{"start":{},"end":{}}],"line":71}},"s":{"0":1,"1":8,"2":8,"3":8,"4":8,"5":8,"6":8,"7":8,"8":0,"9":8,"10":8,"11":8,"12":8,"13":0,"14":8,"15":0,"16":0,"17":0,"18":0,"19":0,"20":0,"21":0,"22":0,"23":0,"24":0,"25":0,"26":0,"27":0,"28":6,"29":6,"30":0,"31":6,"32":0,"33":6,"34":6,"35":6,"36":8,"37":6,"38":2,"39":4,"40":0,"41":4,"42":1,"43":3,"44":0,"45":3,"46":0,"47":3,"48":0,"49":3,"50":0,"51":3,"52":2,"53":1,"54":1,"55":0,"56":0,"57":0,"58":0,"59":0,"60":0,"61":0,"62":0,"63":0},"f":{"0":8,"1":0,"2":0,"3":0,"4":0,"5":0,"6":0,"7":0,"8":6,"9":6,"10":8,"11":0,"12":0},"b":{"0":[8,0],"1":[0,0],"2":[0,0],"3":[0,0],"4":[0,0,0],"5":[0,6],"6":[6,0],"7":[0,6],"8":[2,4],"9":[0,4],"10":[1,3],"11":[0,3],"12":[0,3],"13":[0,3],"14":[0,3],"15":[2,1],"16":[1,0],"17":[1,1,0],"18":[0,1],"19":[0,0],"20":[0,0]},"meta":{"lastBranch":21,"lastFunction":13,"lastStatement":64,"seen":{"s:15:36:15:Infinity":0,"f:21:2:21:14":0,"s:21:31:21:58":1,"s:22:4:22:Infinity":2,"s:23:4:23:Infinity":3,"s:24:24:24:Infinity":4,"s:25:17:25:Infinity":5,"s:26:19:26:Infinity":6,"s:27:10:27:Infinity":7,"f:27:10:27:18":1,"s:27:57:27:Infinity":8,"s:28:27:28:Infinity":9,"s:29:17:29:Infinity":10,"s:30:17:30:Infinity":11,"b:30:17:30:71:30:71:30:Infinity":0,"s:31:16:31:Infinity":12,"f:31:31:31:38":2,"s:31:55:31:87":13,"s:32:4:32:Infinity":14,"f:35:2:35:21":3,"s:36:4:36:Infinity":15,"s:37:4:37:Infinity":16,"s:38:22:38:Infinity":17,"b:38:22:38:44:38:44:38:Infinity":1,"s:39:4:39:Infinity":18,"f:39:59:39:80":4,"s:39:80:39:89":19,"s:40:4:43:Infinity":20,"f:40:44:40:51":5,"b:41:6:41:Infinity:undefined:undefined:undefined:undefined":2,"s:41:6:41:Infinity":21,"s:41:39:41:Infinity":22,"s:42:6:42:Infinity":23,"f:46:2:46:14":6,"s:47:4:47:Infinity":24,"f:50:2:50:10":7,"b:51:4:51:Infinity:undefined:undefined:undefined:undefined":3,"s:51:4:51:Infinity":25,"b:51:8:51:27:51:27:51:63:51:63:51:117":4,"s:51:117:51:Infinity":26,"s:52:4:52:Infinity":27,"f:55:2:55:18":8,"s:56:21:56:Infinity":28,"b:57:4:57:Infinity:undefined:undefined:undefined:undefined":5,"s:57:4:57:Infinity":29,"b:57:8:57:33:57:33:57:53":6,"s:57:53:57:Infinity":30,"b:58:4:58:Infinity:undefined:undefined:undefined:undefined":7,"s:58:4:58:Infinity":31,"s:58:28:58:Infinity":32,"s:59:18:59:Infinity":33,"s:60:10:60:Infinity":34,"f:60:10:60:24":9,"s:60:46:60:Infinity":35,"f:60:51:60:58":10,"s:60:66:60:96":36,"b:61:4:61:Infinity:undefined:undefined:undefined:undefined":8,"s:61:4:61:Infinity":37,"s:61:32:61:Infinity":38,"b:62:4:62:Infinity:undefined:undefined:undefined:undefined":9,"s:62:4:62:Infinity":39,"s:62:29:62:Infinity":40,"b:63:4:63:Infinity:undefined:undefined:undefined:undefined":10,"s:63:4:63:Infinity":41,"s:63:31:63:Infinity":42,"b:64:4:64:Infinity:undefined:undefined:undefined:undefined":11,"s:64:4:64:Infinity":43,"s:64:34:64:Infinity":44,"b:65:4:65:Infinity:undefined:undefined:undefined:undefined":12,"s:65:4:65:Infinity":45,"s:65:30:65:Infinity":46,"b:66:4:66:Infinity:undefined:undefined:undefined:undefined":13,"s:66:4:66:Infinity":47,"s:66:38:66:Infinity":48,"b:67:4:67:Infinity:undefined:undefined:undefined:undefined":14,"s:67:4:67:Infinity":49,"s:67:42:67:Infinity":50,"b:68:4:68:Infinity:undefined:undefined:undefined:undefined":15,"s:68:4:68:Infinity":51,"s:68:30:68:Infinity":52,"b:69:4:69:Infinity:undefined:undefined:undefined:undefined":16,"s:69:4:69:Infinity":53,"b:69:8:69:35:69:35:69:61:69:61:69:87":17,"s:69:87:69:Infinity":54,"b:69:131:69:146:69:146:69:157":18,"b:70:4:70:Infinity:undefined:undefined:undefined:undefined":19,"s:70:4:70:Infinity":55,"s:70:32:70:Infinity":56,"b:71:4:71:Infinity:undefined:undefined:undefined:undefined":20,"s:71:4:71:Infinity":57,"s:71:32:71:Infinity":58,"s:72:4:72:Infinity":59,"f:75:2:75:18":11,"s:76:4:76:Infinity":60,"f:76:32:76:44":12,"s:76:44:76:53":61,"s:77:4:77:Infinity":62,"s:78:4:78:Infinity":63},"fnNames":{}}}
,"C:\\Projects\\opencode_sidebar\\src\\extension\\services\\ApiClient.ts": {"path":"C:\\Projects\\opencode_sidebar\\src\\extension\\services\\ApiClient.ts","statementMap":{"0":{"start":{"line":29,"column":4},"end":{"line":29,"column":null}},"1":{"start":{"line":30,"column":4},"end":{"line":30,"column":null}},"2":{"start":{"line":34,"column":4},"end":{"line":34,"column":null}},"3":{"start":{"line":35,"column":4},"end":{"line":35,"column":null}},"4":{"start":{"line":39,"column":16},"end":{"line":39,"column":null}},"5":{"start":{"line":40,"column":21},"end":{"line":47,"column":null}},"6":{"start":{"line":49,"column":4},"end":{"line":52,"column":null}},"7":{"start":{"line":50,"column":6},"end":{"line":50,"column":null}},"8":{"start":{"line":51,"column":6},"end":{"line":51,"column":null}},"9":{"start":{"line":54,"column":24},"end":{"line":54,"column":null}},"10":{"start":{"line":55,"column":4},"end":{"line":57,"column":null}},"11":{"start":{"line":56,"column":6},"end":{"line":56,"column":null}},"12":{"start":{"line":59,"column":4},"end":{"line":59,"column":null}},"13":{"start":{"line":63,"column":17},"end":{"line":68,"column":null}},"14":{"start":{"line":69,"column":4},"end":{"line":69,"column":null}},"15":{"start":{"line":73,"column":17},"end":{"line":73,"column":null}},"16":{"start":{"line":74,"column":4},"end":{"line":74,"column":null}},"17":{"start":{"line":78,"column":19},"end":{"line":78,"column":null}},"18":{"start":{"line":79,"column":25},"end":{"line":79,"column":null}},"19":{"start":{"line":80,"column":4},"end":{"line":84,"column":null}},"20":{"start":{"line":81,"column":6},"end":{"line":81,"column":null}},"21":{"start":{"line":82,"column":11},"end":{"line":84,"column":null}},"22":{"start":{"line":83,"column":6},"end":{"line":83,"column":null}},"23":{"start":{"line":85,"column":23},"end":{"line":85,"column":null}},"24":{"start":{"line":86,"column":4},"end":{"line":86,"column":null}},"25":{"start":{"line":90,"column":4},"end":{"line":95,"column":null}},"26":{"start":{"line":91,"column":19},"end":{"line":91,"column":null}},"27":{"start":{"line":92,"column":6},"end":{"line":92,"column":null}},"28":{"start":{"line":94,"column":6},"end":{"line":94,"column":null}},"29":{"start":{"line":99,"column":4},"end":{"line":104,"column":null}},"30":{"start":{"line":100,"column":6},"end":{"line":100,"column":null}},"31":{"start":{"line":101,"column":6},"end":{"line":101,"column":null}},"32":{"start":{"line":103,"column":6},"end":{"line":103,"column":null}},"33":{"start":{"line":108,"column":4},"end":{"line":119,"column":null}},"34":{"start":{"line":109,"column":21},"end":{"line":109,"column":null}},"35":{"start":{"line":110,"column":6},"end":{"line":112,"column":null}},"36":{"start":{"line":111,"column":8},"end":{"line":111,"column":null}},"37":{"start":{"line":113,"column":6},"end":{"line":115,"column":null}},"38":{"start":{"line":114,"column":8},"end":{"line":114,"column":null}},"39":{"start":{"line":116,"column":6},"end":{"line":116,"column":null}},"40":{"start":{"line":118,"column":6},"end":{"line":118,"column":null}},"41":{"start":{"line":123,"column":4},"end":{"line":127,"column":null}},"42":{"start":{"line":124,"column":6},"end":{"line":124,"column":null}},"43":{"start":{"line":126,"column":6},"end":{"line":126,"column":null}},"44":{"start":{"line":131,"column":4},"end":{"line":135,"column":null}},"45":{"start":{"line":132,"column":6},"end":{"line":132,"column":null}},"46":{"start":{"line":134,"column":6},"end":{"line":134,"column":null}},"47":{"start":{"line":139,"column":4},"end":{"line":143,"column":null}},"48":{"start":{"line":140,"column":6},"end":{"line":140,"column":null}},"49":{"start":{"line":142,"column":6},"end":{"line":142,"column":null}},"50":{"start":{"line":147,"column":4},"end":{"line":147,"column":null}},"51":{"start":{"line":151,"column":4},"end":{"line":151,"column":null}},"52":{"start":{"line":155,"column":4},"end":{"line":164,"column":null}},"53":{"start":{"line":156,"column":23},"end":{"line":160,"column":null}},"54":{"start":{"line":161,"column":6},"end":{"line":161,"column":null}},"55":{"start":{"line":163,"column":6},"end":{"line":163,"column":null}},"56":{"start":{"line":168,"column":4},"end":{"line":176,"column":null}},"57":{"start":{"line":169,"column":23},"end":{"line":172,"column":null}},"58":{"start":{"line":173,"column":6},"end":{"line":173,"column":null}},"59":{"start":{"line":175,"column":6},"end":{"line":175,"column":null}},"60":{"start":{"line":180,"column":4},"end":{"line":188,"column":null}},"61":{"start":{"line":181,"column":21},"end":{"line":184,"column":null}},"62":{"start":{"line":185,"column":6},"end":{"line":185,"column":null}},"63":{"start":{"line":187,"column":6},"end":{"line":187,"column":null}},"64":{"start":{"line":192,"column":4},"end":{"line":199,"column":null}},"65":{"start":{"line":193,"column":6},"end":{"line":196,"column":null}},"66":{"start":{"line":198,"column":6},"end":{"line":198,"column":null}},"67":{"start":{"line":203,"column":4},"end":{"line":209,"column":null}},"68":{"start":{"line":204,"column":6},"end":{"line":206,"column":null}},"69":{"start":{"line":208,"column":6},"end":{"line":208,"column":null}},"70":{"start":{"line":213,"column":4},"end":{"line":223,"column":null}},"71":{"start":{"line":214,"column":18},"end":{"line":214,"column":null}},"72":{"start":{"line":215,"column":18},"end":{"line":219,"column":null}},"73":{"start":{"line":220,"column":6},"end":{"line":220,"column":null}},"74":{"start":{"line":222,"column":6},"end":{"line":222,"column":null}},"75":{"start":{"line":227,"column":4},"end":{"line":231,"column":null}},"76":{"start":{"line":228,"column":6},"end":{"line":228,"column":null}},"77":{"start":{"line":235,"column":4},"end":{"line":249,"column":null}},"78":{"start":{"line":236,"column":18},"end":{"line":236,"column":null}},"79":{"start":{"line":237,"column":23},"end":{"line":241,"column":null}},"80":{"start":{"line":242,"column":6},"end":{"line":246,"column":null}},"81":{"start":{"line":244,"column":21},"end":{"line":244,"column":null}},"82":{"start":{"line":245,"column":8},"end":{"line":245,"column":null}},"83":{"start":{"line":248,"column":6},"end":{"line":248,"column":null}},"84":{"start":{"line":253,"column":16},"end":{"line":253,"column":null}},"85":{"start":{"line":254,"column":21},"end":{"line":259,"column":null}},"86":{"start":{"line":261,"column":4},"end":{"line":264,"column":null}},"87":{"start":{"line":262,"column":19},"end":{"line":262,"column":null}},"88":{"start":{"line":263,"column":6},"end":{"line":263,"column":null}},"89":{"start":{"line":266,"column":4},"end":{"line":266,"column":null}}},"fnMap":{"0":{"name":"constructor","decl":{"start":{"line":28,"column":2},"end":{"line":28,"column":14}},"loc":{"start":{"line":28,"column":41},"end":{"line":31,"column":null}},"line":28},"1":{"name":"updateAuth","decl":{"start":{"line":33,"column":2},"end":{"line":33,"column":13}},"loc":{"start":{"line":33,"column":72},"end":{"line":36,"column":null}},"line":33},"2":{"name":"fetch","decl":{"start":{"line":38,"column":16},"end":{"line":38,"column":35}},"loc":{"start":{"line":38,"column":88},"end":{"line":60,"column":null}},"line":38},"3":{"name":"createSession","decl":{"start":{"line":62,"column":8},"end":{"line":62,"column":22}},"loc":{"start":{"line":62,"column":79},"end":{"line":70,"column":null}},"line":62},"4":{"name":"listSessions","decl":{"start":{"line":72,"column":8},"end":{"line":72,"column":66}},"loc":{"start":{"line":72,"column":66},"end":{"line":75,"column":null}},"line":72},"5":{"name":"getSessionDiff","decl":{"start":{"line":77,"column":8},"end":{"line":77,"column":23}},"loc":{"start":{"line":77,"column":69},"end":{"line":87,"column":null}},"line":77},"6":{"name":"getSessionMessages","decl":{"start":{"line":89,"column":8},"end":{"line":89,"column":27}},"loc":{"start":{"line":89,"column":76},"end":{"line":96,"column":null}},"line":89},"7":{"name":"deleteSession","decl":{"start":{"line":98,"column":8},"end":{"line":98,"column":22}},"loc":{"start":{"line":98,"column":59},"end":{"line":105,"column":null}},"line":98},"8":{"name":"getAgents","decl":{"start":{"line":107,"column":8},"end":{"line":107,"column":39}},"loc":{"start":{"line":107,"column":39},"end":{"line":120,"column":null}},"line":107},"9":{"name":"getCurrentProject","decl":{"start":{"line":122,"column":8},"end":{"line":122,"column":86}},"loc":{"start":{"line":122,"column":86},"end":{"line":128,"column":null}},"line":122},"10":{"name":"getPath","decl":{"start":{"line":130,"column":8},"end":{"line":130,"column":73}},"loc":{"start":{"line":130,"column":73},"end":{"line":136,"column":null}},"line":130},"11":{"name":"getVcsInfo","decl":{"start":{"line":138,"column":8},"end":{"line":138,"column":75}},"loc":{"start":{"line":138,"column":75},"end":{"line":144,"column":null}},"line":138},"12":{"name":"listProviders","decl":{"start":{"line":146,"column":8},"end":{"line":146,"column":53}},"loc":{"start":{"line":146,"column":53},"end":{"line":148,"column":null}},"line":146},"13":{"name":"getProviderAuth","decl":{"start":{"line":150,"column":8},"end":{"line":150,"column":52}},"loc":{"start":{"line":150,"column":52},"end":{"line":152,"column":null}},"line":150},"14":{"name":"setAuth","decl":{"start":{"line":154,"column":8},"end":{"line":154,"column":16}},"loc":{"start":{"line":154,"column":67},"end":{"line":165,"column":null}},"line":154},"15":{"name":"removeAuth","decl":{"start":{"line":167,"column":8},"end":{"line":167,"column":19}},"loc":{"start":{"line":167,"column":57},"end":{"line":177,"column":null}},"line":167},"16":{"name":"summarizeSession","decl":{"start":{"line":179,"column":8},"end":{"line":179,"column":25}},"loc":{"start":{"line":179,"column":99},"end":{"line":189,"column":null}},"line":179},"17":{"name":"revertSession","decl":{"start":{"line":191,"column":8},"end":{"line":191,"column":22}},"loc":{"start":{"line":191,"column":90},"end":{"line":200,"column":null}},"line":191},"18":{"name":"unrevertSession","decl":{"start":{"line":202,"column":8},"end":{"line":202,"column":24}},"loc":{"start":{"line":202,"column":75},"end":{"line":210,"column":null}},"line":202},"19":{"name":"respondPermission","decl":{"start":{"line":212,"column":8},"end":{"line":212,"column":26}},"loc":{"start":{"line":212,"column":123},"end":{"line":224,"column":null}},"line":212},"20":{"name":"abortSession","decl":{"start":{"line":226,"column":8},"end":{"line":226,"column":21}},"loc":{"start":{"line":226,"column":55},"end":{"line":232,"column":null}},"line":226},"21":{"name":"grantPermission","decl":{"start":{"line":234,"column":8},"end":{"line":234,"column":24}},"loc":{"start":{"line":234,"column":80},"end":{"line":250,"column":null}},"line":234},"22":{"name":"postMessage","decl":{"start":{"line":252,"column":8},"end":{"line":252,"column":20}},"loc":{"start":{"line":252,"column":102},"end":{"line":267,"column":null}},"line":252}},"branchMap":{"0":{"loc":{"start":{"line":38,"column":49},"end":{"line":38,"column":88}},"type":"default-arg","locations":[{"start":{"line":38,"column":72},"end":{"line":38,"column":88}}],"line":38},"1":{"loc":{"start":{"line":49,"column":4},"end":{"line":52,"column":null}},"type":"if","locations":[{"start":{"line":49,"column":4},"end":{"line":52,"column":null}},{"start":{},"end":{}}],"line":49},"2":{"loc":{"start":{"line":50,"column":38},"end":{"line":50,"column":62}},"type":"binary-expr","locations":[{"start":{"line":50,"column":38},"end":{"line":50,"column":56}},{"start":{"line":50,"column":56},"end":{"line":50,"column":62}}],"line":50},"3":{"loc":{"start":{"line":54,"column":24},"end":{"line":54,"column":null}},"type":"binary-expr","locations":[{"start":{"line":54,"column":24},"end":{"line":54,"column":64}},{"start":{"line":54,"column":64},"end":{"line":54,"column":null}}],"line":54},"4":{"loc":{"start":{"line":55,"column":4},"end":{"line":57,"column":null}},"type":"if","locations":[{"start":{"line":55,"column":4},"end":{"line":57,"column":null}},{"start":{},"end":{}}],"line":55},"5":{"loc":{"start":{"line":66,"column":15},"end":{"line":66,"column":null}},"type":"binary-expr","locations":[{"start":{"line":66,"column":15},"end":{"line":66,"column":24}},{"start":{"line":66,"column":24},"end":{"line":66,"column":null}}],"line":66},"6":{"loc":{"start":{"line":74,"column":11},"end":{"line":74,"column":null}},"type":"cond-expr","locations":[{"start":{"line":74,"column":33},"end":{"line":74,"column":40}},{"start":{"line":74,"column":40},"end":{"line":74,"column":null}}],"line":74},"7":{"loc":{"start":{"line":80,"column":4},"end":{"line":84,"column":null}},"type":"if","locations":[{"start":{"line":80,"column":4},"end":{"line":84,"column":null}},{"start":{"line":82,"column":11},"end":{"line":84,"column":null}}],"line":80},"8":{"loc":{"start":{"line":82,"column":11},"end":{"line":84,"column":null}},"type":"if","locations":[{"start":{"line":82,"column":11},"end":{"line":84,"column":null}},{"start":{},"end":{}}],"line":82},"9":{"loc":{"start":{"line":82,"column":15},"end":{"line":82,"column":67}},"type":"binary-expr","locations":[{"start":{"line":82,"column":15},"end":{"line":82,"column":35}},{"start":{"line":82,"column":35},"end":{"line":82,"column":67}}],"line":82},"10":{"loc":{"start":{"line":92,"column":13},"end":{"line":92,"column":null}},"type":"cond-expr","locations":[{"start":{"line":92,"column":36},"end":{"line":92,"column":67}},{"start":{"line":92,"column":67},"end":{"line":92,"column":null}}],"line":92},"11":{"loc":{"start":{"line":110,"column":6},"end":{"line":112,"column":null}},"type":"if","locations":[{"start":{"line":110,"column":6},"end":{"line":112,"column":null}},{"start":{},"end":{}}],"line":110},"12":{"loc":{"start":{"line":113,"column":6},"end":{"line":115,"column":null}},"type":"if","locations":[{"start":{"line":113,"column":6},"end":{"line":115,"column":null}},{"start":{},"end":{}}],"line":113},"13":{"loc":{"start":{"line":113,"column":10},"end":{"line":113,"column":63}},"type":"binary-expr","locations":[{"start":{"line":113,"column":10},"end":{"line":113,"column":30}},{"start":{"line":113,"column":30},"end":{"line":113,"column":63}}],"line":113},"14":{"loc":{"start":{"line":185,"column":13},"end":{"line":185,"column":null}},"type":"binary-expr","locations":[{"start":{"line":185,"column":13},"end":{"line":185,"column":32}},{"start":{"line":185,"column":32},"end":{"line":185,"column":null}}],"line":185},"15":{"loc":{"start":{"line":218,"column":51},"end":{"line":218,"column":69}},"type":"binary-expr","locations":[{"start":{"line":218,"column":51},"end":{"line":218,"column":63}},{"start":{"line":218,"column":63},"end":{"line":218,"column":69}}],"line":218},"16":{"loc":{"start":{"line":242,"column":6},"end":{"line":246,"column":null}},"type":"if","locations":[{"start":{"line":242,"column":6},"end":{"line":246,"column":null}},{"start":{"line":243,"column":13},"end":{"line":246,"column":null}}],"line":242},"17":{"loc":{"start":{"line":261,"column":4},"end":{"line":264,"column":null}},"type":"if","locations":[{"start":{"line":261,"column":4},"end":{"line":264,"column":null}},{"start":{},"end":{}}],"line":261}},"s":{"0":2,"1":2,"2":1,"3":1,"4":1,"5":1,"6":1,"7":1,"8":1,"9":0,"10":1,"11":0,"12":0,"13":0,"14":0,"15":0,"16":0,"17":0,"18":0,"19":0,"20":0,"21":0,"22":0,"23":0,"24":0,"25":0,"26":0,"27":0,"28":0,"29":0,"30":0,"31":0,"32":0,"33":0,"34":0,"35":0,"36":0,"37":0,"38":0,"39":0,"40":0,"41":0,"42":0,"43":0,"44":0,"45":0,"46":0,"47":0,"48":0,"49":0,"50":0,"51":0,"52":0,"53":0,"54":0,"55":0,"56":0,"57":0,"58":0,"59":0,"60":0,"61":0,"62":0,"63":0,"64":0,"65":0,"66":0,"67":0,"68":0,"69":0,"70":0,"71":0,"72":0,"73":0,"74":0,"75":0,"76":0,"77":0,"78":0,"79":0,"80":0,"81":0,"82":0,"83":0,"84":0,"85":0,"86":0,"87":0,"88":0,"89":0},"f":{"0":2,"1":1,"2":1,"3":0,"4":0,"5":0,"6":0,"7":0,"8":0,"9":0,"10":0,"11":0,"12":0,"13":0,"14":0,"15":0,"16":0,"17":0,"18":0,"19":0,"20":0,"21":0,"22":0},"b":{"0":[1],"1":[1,0],"2":[1,1],"3":[0,0],"4":[0,1],"5":[0,0],"6":[0,0],"7":[0,0],"8":[0,0],"9":[0,0],"10":[0,0],"11":[0,0],"12":[0,0],"13":[0,0],"14":[0,0],"15":[0,0],"16":[0,0],"17":[0,0]},"meta":{"lastBranch":18,"lastFunction":23,"lastStatement":90,"seen":{"f:28:2:28:14":0,"s:29:4:29:Infinity":0,"s:30:4:30:Infinity":1,"f:33:2:33:13":1,"s:34:4:34:Infinity":2,"s:35:4:35:Infinity":3,"f:38:16:38:35":2,"b:38:72:38:88":0,"s:39:16:39:Infinity":4,"s:40:21:47:Infinity":5,"b:49:4:52:Infinity:undefined:undefined:undefined:undefined":1,"s:49:4:52:Infinity":6,"s:50:6:50:Infinity":7,"b:50:38:50:56:50:56:50:62":2,"s:51:6:51:Infinity":8,"s:54:24:54:Infinity":9,"b:54:24:54:64:54:64:54:Infinity":3,"b:55:4:57:Infinity:undefined:undefined:undefined:undefined":4,"s:55:4:57:Infinity":10,"s:56:6:56:Infinity":11,"s:59:4:59:Infinity":12,"f:62:8:62:22":3,"s:63:17:68:Infinity":13,"b:66:15:66:24:66:24:66:Infinity":5,"s:69:4:69:Infinity":14,"f:72:8:72:66":4,"s:73:17:73:Infinity":15,"s:74:4:74:Infinity":16,"b:74:33:74:40:74:40:74:Infinity":6,"f:77:8:77:23":5,"s:78:19:78:Infinity":17,"s:79:25:79:Infinity":18,"b:80:4:84:Infinity:82:11:84:Infinity":7,"s:80:4:84:Infinity":19,"s:81:6:81:Infinity":20,"b:82:11:84:Infinity:undefined:undefined:undefined:undefined":8,"s:82:11:84:Infinity":21,"b:82:15:82:35:82:35:82:67":9,"s:83:6:83:Infinity":22,"s:85:23:85:Infinity":23,"s:86:4:86:Infinity":24,"f:89:8:89:27":6,"s:90:4:95:Infinity":25,"s:91:19:91:Infinity":26,"s:92:6:92:Infinity":27,"b:92:36:92:67:92:67:92:Infinity":10,"s:94:6:94:Infinity":28,"f:98:8:98:22":7,"s:99:4:104:Infinity":29,"s:100:6:100:Infinity":30,"s:101:6:101:Infinity":31,"s:103:6:103:Infinity":32,"f:107:8:107:39":8,"s:108:4:119:Infinity":33,"s:109:21:109:Infinity":34,"b:110:6:112:Infinity:undefined:undefined:undefined:undefined":11,"s:110:6:112:Infinity":35,"s:111:8:111:Infinity":36,"b:113:6:115:Infinity:undefined:undefined:undefined:undefined":12,"s:113:6:115:Infinity":37,"b:113:10:113:30:113:30:113:63":13,"s:114:8:114:Infinity":38,"s:116:6:116:Infinity":39,"s:118:6:118:Infinity":40,"f:122:8:122:86":9,"s:123:4:127:Infinity":41,"s:124:6:124:Infinity":42,"s:126:6:126:Infinity":43,"f:130:8:130:73":10,"s:131:4:135:Infinity":44,"s:132:6:132:Infinity":45,"s:134:6:134:Infinity":46,"f:138:8:138:75":11,"s:139:4:143:Infinity":47,"s:140:6:140:Infinity":48,"s:142:6:142:Infinity":49,"f:146:8:146:53":12,"s:147:4:147:Infinity":50,"f:150:8:150:52":13,"s:151:4:151:Infinity":51,"f:154:8:154:16":14,"s:155:4:164:Infinity":52,"s:156:23:160:Infinity":53,"s:161:6:161:Infinity":54,"s:163:6:163:Infinity":55,"f:167:8:167:19":15,"s:168:4:176:Infinity":56,"s:169:23:172:Infinity":57,"s:173:6:173:Infinity":58,"s:175:6:175:Infinity":59,"f:179:8:179:25":16,"s:180:4:188:Infinity":60,"s:181:21:184:Infinity":61,"s:185:6:185:Infinity":62,"b:185:13:185:32:185:32:185:Infinity":14,"s:187:6:187:Infinity":63,"f:191:8:191:22":17,"s:192:4:199:Infinity":64,"s:193:6:196:Infinity":65,"s:198:6:198:Infinity":66,"f:202:8:202:24":18,"s:203:4:209:Infinity":67,"s:204:6:206:Infinity":68,"s:208:6:208:Infinity":69,"f:212:8:212:26":19,"s:213:4:223:Infinity":70,"s:214:18:214:Infinity":71,"s:215:18:219:Infinity":72,"b:218:51:218:63:218:63:218:69":15,"s:220:6:220:Infinity":73,"s:222:6:222:Infinity":74,"f:226:8:226:21":20,"s:227:4:231:Infinity":75,"s:228:6:228:Infinity":76,"f:234:8:234:24":21,"s:235:4:249:Infinity":77,"s:236:18:236:Infinity":78,"s:237:23:241:Infinity":79,"b:242:6:246:Infinity:243:13:246:Infinity":16,"s:242:6:246:Infinity":80,"s:244:21:244:Infinity":81,"s:245:8:245:Infinity":82,"s:248:6:248:Infinity":83,"f:252:8:252:20":22,"s:253:16:253:Infinity":84,"s:254:21:259:Infinity":85,"b:261:4:264:Infinity:undefined:undefined:undefined:undefined":17,"s:261:4:264:Infinity":86,"s:262:19:262:Infinity":87,"s:263:6:263:Infinity":88,"s:266:4:266:Infinity":89},"fnNames":{}}}
,"C:\\Projects\\opencode_sidebar\\src\\extension\\services\\AuthService.ts": {"path":"C:\\Projects\\opencode_sidebar\\src\\extension\\services\\AuthService.ts","statementMap":{"0":{"start":{"line":10,"column":21},"end":{"line":10,"column":null}},"1":{"start":{"line":11,"column":21},"end":{"line":11,"column":null}},"2":{"start":{"line":15,"column":4},"end":{"line":26,"column":null}},"3":{"start":{"line":16,"column":24},"end":{"line":16,"column":null}},"4":{"start":{"line":17,"column":23},"end":{"line":17,"column":null}},"5":{"start":{"line":18,"column":6},"end":{"line":23,"column":null}},"6":{"start":{"line":19,"column":23},"end":{"line":19,"column":null}},"7":{"start":{"line":20,"column":8},"end":{"line":22,"column":null}},"8":{"start":{"line":21,"column":10},"end":{"line":21,"column":null}},"9":{"start":{"line":30,"column":20},"end":{"line":30,"column":null}},"10":{"start":{"line":31,"column":4},"end":{"line":33,"column":null}},"11":{"start":{"line":32,"column":6},"end":{"line":32,"column":null}},"12":{"start":{"line":34,"column":4},"end":{"line":34,"column":null}},"13":{"start":{"line":38,"column":4},"end":{"line":38,"column":null}},"14":{"start":{"line":39,"column":4},"end":{"line":39,"column":null}}},"fnMap":{"0":{"name":"constructor","decl":{"start":{"line":9,"column":2},"end":{"line":9,"column":null}},"loc":{"start":{"line":12,"column":4},"end":{"line":12,"column":null}},"line":12},"1":{"name":"restoreApiKeys","decl":{"start":{"line":14,"column":8},"end":{"line":14,"column":40}},"loc":{"start":{"line":14,"column":40},"end":{"line":27,"column":null}},"line":14},"2":{"name":"setApiKey","decl":{"start":{"line":29,"column":8},"end":{"line":29,"column":18}},"loc":{"start":{"line":29,"column":69},"end":{"line":35,"column":null}},"line":29},"3":{"name":"removeApiKey","decl":{"start":{"line":37,"column":8},"end":{"line":37,"column":21}},"loc":{"start":{"line":37,"column":56},"end":{"line":40,"column":null}},"line":37}},"branchMap":{"0":{"loc":{"start":{"line":20,"column":8},"end":{"line":22,"column":null}},"type":"if","locations":[{"start":{"line":20,"column":8},"end":{"line":22,"column":null}},{"start":{},"end":{}}],"line":20},"1":{"loc":{"start":{"line":31,"column":4},"end":{"line":33,"column":null}},"type":"if","locations":[{"start":{"line":31,"column":4},"end":{"line":33,"column":null}},{"start":{},"end":{}}],"line":31}},"s":{"0":10,"1":10,"2":0,"3":0,"4":0,"5":0,"6":0,"7":0,"8":0,"9":1,"10":1,"11":1,"12":1,"13":0,"14":0},"f":{"0":10,"1":0,"2":1,"3":0},"b":{"0":[0,0],"1":[1,0]},"meta":{"lastBranch":2,"lastFunction":4,"lastStatement":15,"seen":{"f:9:2:9:Infinity":0,"s:10:21:10:Infinity":0,"s:11:21:11:Infinity":1,"f:14:8:14:40":1,"s:15:4:26:Infinity":2,"s:16:24:16:Infinity":3,"s:17:23:17:Infinity":4,"s:18:6:23:Infinity":5,"s:19:23:19:Infinity":6,"b:20:8:22:Infinity:undefined:undefined:undefined:undefined":0,"s:20:8:22:Infinity":7,"s:21:10:21:Infinity":8,"f:29:8:29:18":2,"s:30:20:30:Infinity":9,"b:31:4:33:Infinity:undefined:undefined:undefined:undefined":1,"s:31:4:33:Infinity":10,"s:32:6:32:Infinity":11,"s:34:4:34:Infinity":12,"f:37:8:37:21":3,"s:38:4:38:Infinity":13,"s:39:4:39:Infinity":14},"fnNames":{}}}
,"C:\\Projects\\opencode_sidebar\\src\\extension\\services\\ChatCoordinator.ts": {"path":"C:\\Projects\\opencode_sidebar\\src\\extension\\services\\ChatCoordinator.ts","statementMap":{"0":{"start":{"line":8,"column":21},"end":{"line":8,"column":null}},"1":{"start":{"line":9,"column":21},"end":{"line":9,"column":null}},"2":{"start":{"line":10,"column":21},"end":{"line":10,"column":null}},"3":{"start":{"line":11,"column":21},"end":{"line":11,"column":null}},"4":{"start":{"line":15,"column":22},"end":{"line":15,"column":null}},"5":{"start":{"line":16,"column":4},"end":{"line":56,"column":null}},"6":{"start":{"line":17,"column":24},"end":{"line":17,"column":null}},"7":{"start":{"line":18,"column":6},"end":{"line":18,"column":null}},"8":{"start":{"line":18,"column":44},"end":{"line":18,"column":null}},"9":{"start":{"line":19,"column":6},"end":{"line":19,"column":null}},"10":{"start":{"line":20,"column":6},"end":{"line":20,"column":null}},"11":{"start":{"line":21,"column":31},"end":{"line":21,"column":null}},"12":{"start":{"line":22,"column":6},"end":{"line":50,"column":null}},"13":{"start":{"line":24,"column":10},"end":{"line":24,"column":null}},"14":{"start":{"line":25,"column":10},"end":{"line":25,"column":null}},"15":{"start":{"line":27,"column":28},"end":{"line":27,"column":null}},"16":{"start":{"line":31,"column":32},"end":{"line":31,"column":null}},"17":{"start":{"line":32,"column":33},"end":{"line":32,"column":null}},"18":{"start":{"line":33,"column":36},"end":{"line":33,"column":null}},"19":{"start":{"line":35,"column":10},"end":{"line":48,"column":null}},"20":{"start":{"line":36,"column":12},"end":{"line":36,"column":null}},"21":{"start":{"line":36,"column":72},"end":{"line":36,"column":null}},"22":{"start":{"line":37,"column":12},"end":{"line":47,"column":null}},"23":{"start":{"line":51,"column":6},"end":{"line":51,"column":null}},"24":{"start":{"line":53,"column":22},"end":{"line":53,"column":null}},"25":{"start":{"line":54,"column":6},"end":{"line":54,"column":null}},"26":{"start":{"line":55,"column":6},"end":{"line":55,"column":null}}},"fnMap":{"0":{"name":"constructor","decl":{"start":{"line":7,"column":2},"end":{"line":7,"column":null}},"loc":{"start":{"line":12,"column":4},"end":{"line":12,"column":null}},"line":12},"1":{"name":"processPrompt","decl":{"start":{"line":14,"column":8},"end":{"line":14,"column":22}},"loc":{"start":{"line":14,"column":108},"end":{"line":57,"column":null}},"line":14},"2":{"name":"(anonymous_2)","decl":{"start":{"line":23,"column":8},"end":{"line":23,"column":20}},"loc":{"start":{"line":23,"column":30},"end":{"line":26,"column":null}},"line":23},"3":{"name":"(anonymous_3)","decl":{"start":{"line":27,"column":8},"end":{"line":27,"column":18}},"loc":{"start":{"line":27,"column":28},"end":{"line":27,"column":null}},"line":27},"4":{"name":"(anonymous_4)","decl":{"start":{"line":31,"column":8},"end":{"line":31,"column":22}},"loc":{"start":{"line":31,"column":32},"end":{"line":31,"column":null}},"line":31},"5":{"name":"(anonymous_5)","decl":{"start":{"line":32,"column":8},"end":{"line":32,"column":24}},"loc":{"start":{"line":32,"column":33},"end":{"line":32,"column":null}},"line":32},"6":{"name":"(anonymous_6)","decl":{"start":{"line":33,"column":8},"end":{"line":33,"column":22}},"loc":{"start":{"line":33,"column":36},"end":{"line":33,"column":null}},"line":33},"7":{"name":"(anonymous_7)","decl":{"start":{"line":34,"column":8},"end":{"line":34,"column":18}},"loc":{"start":{"line":34,"column":28},"end":{"line":49,"column":null}},"line":34}},"branchMap":{"0":{"loc":{"start":{"line":15,"column":22},"end":{"line":15,"column":null}},"type":"cond-expr","locations":[{"start":{"line":15,"column":38},"end":{"line":15,"column":85}},{"start":{"line":15,"column":85},"end":{"line":15,"column":null}}],"line":15},"1":{"loc":{"start":{"line":17,"column":24},"end":{"line":17,"column":null}},"type":"binary-expr","locations":[{"start":{"line":17,"column":24},"end":{"line":17,"column":60}},{"start":{"line":17,"column":39},"end":{"line":17,"column":null}}],"line":17},"2":{"loc":{"start":{"line":18,"column":6},"end":{"line":18,"column":null}},"type":"if","locations":[{"start":{"line":18,"column":6},"end":{"line":18,"column":null}},{"start":{},"end":{}}],"line":18},"3":{"loc":{"start":{"line":36,"column":12},"end":{"line":36,"column":null}},"type":"if","locations":[{"start":{"line":36,"column":12},"end":{"line":36,"column":null}},{"start":{},"end":{}}],"line":36},"4":{"loc":{"start":{"line":36,"column":16},"end":{"line":36,"column":72}},"type":"binary-expr","locations":[{"start":{"line":36,"column":16},"end":{"line":36,"column":31}},{"start":{"line":36,"column":31},"end":{"line":36,"column":51}},{"start":{"line":36,"column":51},"end":{"line":36,"column":72}}],"line":36},"5":{"loc":{"start":{"line":53,"column":22},"end":{"line":53,"column":null}},"type":"cond-expr","locations":[{"start":{"line":53,"column":47},"end":{"line":53,"column":63}},{"start":{"line":53,"column":63},"end":{"line":53,"column":null}}],"line":53}},"s":{"0":9,"1":9,"2":9,"3":9,"4":1,"5":1,"6":1,"7":1,"8":0,"9":1,"10":1,"11":1,"12":1,"13":1,"14":1,"15":0,"16":0,"17":0,"18":0,"19":0,"20":0,"21":0,"22":0,"23":1,"24":0,"25":0,"26":0},"f":{"0":9,"1":1,"2":1,"3":0,"4":0,"5":0,"6":0,"7":0},"b":{"0":[0,1],"1":[1,0],"2":[0,1],"3":[0,0],"4":[0,0,0],"5":[0,0]},"meta":{"lastBranch":6,"lastFunction":8,"lastStatement":27,"seen":{"f:7:2:7:Infinity":0,"s:8:21:8:Infinity":0,"s:9:21:9:Infinity":1,"s:10:21:10:Infinity":2,"s:11:21:11:Infinity":3,"f:14:8:14:22":1,"s:15:22:15:Infinity":4,"b:15:38:15:85:15:85:15:Infinity":0,"s:16:4:56:Infinity":5,"s:17:24:17:Infinity":6,"b:17:24:17:60:17:39:17:Infinity":1,"b:18:6:18:Infinity:undefined:undefined:undefined:undefined":2,"s:18:6:18:Infinity":7,"s:18:44:18:Infinity":8,"s:19:6:19:Infinity":9,"s:20:6:20:Infinity":10,"s:21:31:21:Infinity":11,"s:22:6:50:Infinity":12,"f:23:8:23:20":2,"s:24:10:24:Infinity":13,"s:25:10:25:Infinity":14,"f:27:8:27:18":3,"s:27:28:27:Infinity":15,"f:31:8:31:22":4,"s:31:32:31:Infinity":16,"f:32:8:32:24":5,"s:32:33:32:Infinity":17,"f:33:8:33:22":6,"s:33:36:33:Infinity":18,"f:34:8:34:18":7,"s:35:10:48:Infinity":19,"b:36:12:36:Infinity:undefined:undefined:undefined:undefined":3,"s:36:12:36:Infinity":20,"b:36:16:36:31:36:31:36:51:36:51:36:72":4,"s:36:72:36:Infinity":21,"s:37:12:47:Infinity":22,"s:51:6:51:Infinity":23,"s:53:22:53:Infinity":24,"b:53:47:53:63:53:63:53:Infinity":5,"s:54:6:54:Infinity":25,"s:55:6:55:Infinity":26},"fnNames":{}}}
,"C:\\Projects\\opencode_sidebar\\src\\extension\\services\\ContextService.ts": {"path":"C:\\Projects\\opencode_sidebar\\src\\extension\\services\\ContextService.ts","statementMap":{"0":{"start":{"line":10,"column":31},"end":{"line":10,"column":null}},"1":{"start":{"line":11,"column":32},"end":{"line":11,"column":null}},"2":{"start":{"line":15,"column":21},"end":{"line":15,"column":null}},"3":{"start":{"line":16,"column":21},"end":{"line":16,"column":null}},"4":{"start":{"line":20,"column":22},"end":{"line":20,"column":null}},"5":{"start":{"line":21,"column":55},"end":{"line":21,"column":null}},"6":{"start":{"line":22,"column":4},"end":{"line":22,"column":null}},"7":{"start":{"line":22,"column":33},"end":{"line":22,"column":null}},"8":{"start":{"line":24,"column":19},"end":{"line":24,"column":null}},"9":{"start":{"line":25,"column":4},"end":{"line":25,"column":null}},"10":{"start":{"line":25,"column":17},"end":{"line":25,"column":null}},"11":{"start":{"line":27,"column":4},"end":{"line":66,"column":null}},"12":{"start":{"line":28,"column":6},"end":{"line":28,"column":null}},"13":{"start":{"line":28,"column":32},"end":{"line":28,"column":null}},"14":{"start":{"line":29,"column":23},"end":{"line":29,"column":null}},"15":{"start":{"line":30,"column":41},"end":{"line":30,"column":null}},"16":{"start":{"line":31,"column":6},"end":{"line":44,"column":null}},"17":{"start":{"line":32,"column":8},"end":{"line":35,"column":null}},"18":{"start":{"line":36,"column":8},"end":{"line":43,"column":null}},"19":{"start":{"line":37,"column":10},"end":{"line":37,"column":null}},"20":{"start":{"line":38,"column":10},"end":{"line":41,"column":null}},"21":{"start":{"line":42,"column":10},"end":{"line":42,"column":null}},"22":{"start":{"line":46,"column":6},"end":{"line":65,"column":null}},"23":{"start":{"line":47,"column":24},"end":{"line":47,"column":null}},"24":{"start":{"line":48,"column":8},"end":{"line":51,"column":null}},"25":{"start":{"line":49,"column":10},"end":{"line":49,"column":null}},"26":{"start":{"line":50,"column":10},"end":{"line":50,"column":null}},"27":{"start":{"line":52,"column":28},"end":{"line":52,"column":null}},"28":{"start":{"line":53,"column":8},"end":{"line":56,"column":null}},"29":{"start":{"line":54,"column":10},"end":{"line":54,"column":null}},"30":{"start":{"line":55,"column":10},"end":{"line":55,"column":null}},"31":{"start":{"line":57,"column":8},"end":{"line":57,"column":null}},"32":{"start":{"line":58,"column":8},"end":{"line":62,"column":null}},"33":{"start":{"line":59,"column":10},"end":{"line":59,"column":null}},"34":{"start":{"line":61,"column":10},"end":{"line":61,"column":null}},"35":{"start":{"line":64,"column":8},"end":{"line":64,"column":null}},"36":{"start":{"line":67,"column":4},"end":{"line":67,"column":null}}},"fnMap":{"0":{"name":"constructor","decl":{"start":{"line":14,"column":2},"end":{"line":14,"column":null}},"loc":{"start":{"line":17,"column":4},"end":{"line":17,"column":null}},"line":17},"1":{"name":"process","decl":{"start":{"line":19,"column":8},"end":{"line":19,"column":16}},"loc":{"start":{"line":19,"column":95},"end":{"line":68,"column":null}},"line":19}},"branchMap":{"0":{"loc":{"start":{"line":22,"column":4},"end":{"line":22,"column":null}},"type":"if","locations":[{"start":{"line":22,"column":4},"end":{"line":22,"column":null}},{"start":{},"end":{}}],"line":22},"1":{"loc":{"start":{"line":25,"column":4},"end":{"line":25,"column":null}},"type":"if","locations":[{"start":{"line":25,"column":4},"end":{"line":25,"column":null}},{"start":{},"end":{}}],"line":25},"2":{"loc":{"start":{"line":28,"column":6},"end":{"line":28,"column":null}},"type":"if","locations":[{"start":{"line":28,"column":6},"end":{"line":28,"column":null}},{"start":{},"end":{}}],"line":28},"3":{"loc":{"start":{"line":31,"column":6},"end":{"line":44,"column":null}},"type":"if","locations":[{"start":{"line":31,"column":6},"end":{"line":44,"column":null}},{"start":{},"end":{}}],"line":31},"4":{"loc":{"start":{"line":31,"column":10},"end":{"line":31,"column":37}},"type":"binary-expr","locations":[{"start":{"line":31,"column":10},"end":{"line":31,"column":22}},{"start":{"line":31,"column":22},"end":{"line":31,"column":37}}],"line":31},"5":{"loc":{"start":{"line":36,"column":8},"end":{"line":43,"column":null}},"type":"if","locations":[{"start":{"line":36,"column":8},"end":{"line":43,"column":null}},{"start":{},"end":{}}],"line":36},"6":{"loc":{"start":{"line":48,"column":8},"end":{"line":51,"column":null}},"type":"if","locations":[{"start":{"line":48,"column":8},"end":{"line":51,"column":null}},{"start":{},"end":{}}],"line":48},"7":{"loc":{"start":{"line":53,"column":8},"end":{"line":56,"column":null}},"type":"if","locations":[{"start":{"line":53,"column":8},"end":{"line":56,"column":null}},{"start":{},"end":{}}],"line":53},"8":{"loc":{"start":{"line":58,"column":8},"end":{"line":62,"column":null}},"type":"if","locations":[{"start":{"line":58,"column":8},"end":{"line":62,"column":null}},{"start":{"line":60,"column":15},"end":{"line":62,"column":null}}],"line":58}},"s":{"0":2,"1":2,"2":12,"3":12,"4":4,"5":4,"6":4,"7":1,"8":3,"9":4,"10":0,"11":3,"12":103,"13":0,"14":103,"15":103,"16":103,"17":0,"18":0,"19":0,"20":0,"21":0,"22":103,"23":103,"24":103,"25":1,"26":1,"27":102,"28":102,"29":1,"30":1,"31":101,"32":101,"33":100,"34":1,"35":0,"36":3},"f":{"0":12,"1":4},"b":{"0":[1,3],"1":[0,4],"2":[0,103],"3":[0,103],"4":[103,0],"5":[0,0],"6":[1,102],"7":[1,101],"8":[100,1]},"meta":{"lastBranch":9,"lastFunction":2,"lastStatement":37,"seen":{"s:10:31:10:Infinity":0,"s:11:32:11:Infinity":1,"f:14:2:14:Infinity":0,"s:15:21:15:Infinity":2,"s:16:21:16:Infinity":3,"f:19:8:19:16":1,"s:20:22:20:Infinity":4,"s:21:55:21:Infinity":5,"b:22:4:22:Infinity:undefined:undefined:undefined:undefined":0,"s:22:4:22:Infinity":6,"s:22:33:22:Infinity":7,"s:24:19:24:Infinity":8,"b:25:4:25:Infinity:undefined:undefined:undefined:undefined":1,"s:25:4:25:Infinity":9,"s:25:17:25:Infinity":10,"s:27:4:66:Infinity":11,"b:28:6:28:Infinity:undefined:undefined:undefined:undefined":2,"s:28:6:28:Infinity":12,"s:28:32:28:Infinity":13,"s:29:23:29:Infinity":14,"s:30:41:30:Infinity":15,"b:31:6:44:Infinity:undefined:undefined:undefined:undefined":3,"s:31:6:44:Infinity":16,"b:31:10:31:22:31:22:31:37":4,"s:32:8:35:Infinity":17,"b:36:8:43:Infinity:undefined:undefined:undefined:undefined":5,"s:36:8:43:Infinity":18,"s:37:10:37:Infinity":19,"s:38:10:41:Infinity":20,"s:42:10:42:Infinity":21,"s:46:6:65:Infinity":22,"s:47:24:47:Infinity":23,"b:48:8:51:Infinity:undefined:undefined:undefined:undefined":6,"s:48:8:51:Infinity":24,"s:49:10:49:Infinity":25,"s:50:10:50:Infinity":26,"s:52:28:52:Infinity":27,"b:53:8:56:Infinity:undefined:undefined:undefined:undefined":7,"s:53:8:56:Infinity":28,"s:54:10:54:Infinity":29,"s:55:10:55:Infinity":30,"s:57:8:57:Infinity":31,"b:58:8:62:Infinity:60:15:62:Infinity":8,"s:58:8:62:Infinity":32,"s:59:10:59:Infinity":33,"s:61:10:61:Infinity":34,"s:64:8:64:Infinity":35,"s:67:4:67:Infinity":36},"fnNames":{}}}
,"C:\\Projects\\opencode_sidebar\\src\\extension\\services\\EventDispatcher.ts": {"path":"C:\\Projects\\opencode_sidebar\\src\\extension\\services\\EventDispatcher.ts","statementMap":{"0":{"start":{"line":35,"column":19},"end":{"line":35,"column":null}},"1":{"start":{"line":38,"column":2},"end":{"line":38,"column":null}},"2":{"start":{"line":38,"column":13},"end":{"line":38,"column":null}},"3":{"start":{"line":39,"column":19},"end":{"line":39,"column":null}},"4":{"start":{"line":40,"column":2},"end":{"line":42,"column":null}},"5":{"start":{"line":41,"column":4},"end":{"line":41,"column":null}},"6":{"start":{"line":41,"column":10},"end":{"line":41,"column":43}},"7":{"start":{"line":41,"column":53},"end":{"line":41,"column":64}},"8":{"start":{"line":43,"column":2},"end":{"line":43,"column":null}},"9":{"start":{"line":43,"column":41},"end":{"line":43,"column":null}},"10":{"start":{"line":44,"column":2},"end":{"line":60,"column":null}},"11":{"start":{"line":46,"column":6},"end":{"line":46,"column":null}},"12":{"start":{"line":46,"column":56},"end":{"line":46,"column":null}},"13":{"start":{"line":47,"column":6},"end":{"line":47,"column":null}},"14":{"start":{"line":47,"column":28},"end":{"line":47,"column":null}},"15":{"start":{"line":47,"column":79},"end":{"line":47,"column":100}},"16":{"start":{"line":48,"column":6},"end":{"line":48,"column":null}},"17":{"start":{"line":51,"column":6},"end":{"line":51,"column":null}},"18":{"start":{"line":53,"column":6},"end":{"line":53,"column":null}},"19":{"start":{"line":55,"column":6},"end":{"line":55,"column":null}},"20":{"start":{"line":57,"column":6},"end":{"line":57,"column":null}},"21":{"start":{"line":59,"column":6},"end":{"line":59,"column":null}},"22":{"start":{"line":65,"column":72},"end":{"line":65,"column":null}},"23":{"start":{"line":68,"column":4},"end":{"line":68,"column":null}},"24":{"start":{"line":72,"column":4},"end":{"line":72,"column":null}},"25":{"start":{"line":76,"column":4},"end":{"line":76,"column":null}},"26":{"start":{"line":80,"column":28},"end":{"line":80,"column":null}},"27":{"start":{"line":81,"column":30},"end":{"line":81,"column":null}},"28":{"start":{"line":82,"column":27},"end":{"line":82,"column":null}},"29":{"start":{"line":86,"column":4},"end":{"line":86,"column":null}},"30":{"start":{"line":86,"column":93},"end":{"line":86,"column":null}},"31":{"start":{"line":87,"column":4},"end":{"line":87,"column":null}},"32":{"start":{"line":88,"column":4},"end":{"line":110,"column":null}},"33":{"start":{"line":90,"column":8},"end":{"line":90,"column":null}},"34":{"start":{"line":91,"column":8},"end":{"line":91,"column":null}},"35":{"start":{"line":93,"column":8},"end":{"line":93,"column":null}},"36":{"start":{"line":94,"column":8},"end":{"line":94,"column":null}},"37":{"start":{"line":96,"column":8},"end":{"line":96,"column":null}},"38":{"start":{"line":97,"column":8},"end":{"line":97,"column":null}},"39":{"start":{"line":99,"column":8},"end":{"line":99,"column":null}},"40":{"start":{"line":100,"column":8},"end":{"line":100,"column":null}},"41":{"start":{"line":102,"column":8},"end":{"line":102,"column":null}},"42":{"start":{"line":103,"column":8},"end":{"line":103,"column":null}},"43":{"start":{"line":105,"column":8},"end":{"line":105,"column":null}},"44":{"start":{"line":106,"column":8},"end":{"line":106,"column":null}},"45":{"start":{"line":108,"column":8},"end":{"line":108,"column":null}},"46":{"start":{"line":109,"column":8},"end":{"line":109,"column":null}},"47":{"start":{"line":114,"column":15},"end":{"line":114,"column":null}},"48":{"start":{"line":115,"column":21},"end":{"line":115,"column":null}},"49":{"start":{"line":116,"column":4},"end":{"line":116,"column":null}},"50":{"start":{"line":116,"column":86},"end":{"line":116,"column":null}},"51":{"start":{"line":117,"column":18},"end":{"line":117,"column":null}},"52":{"start":{"line":118,"column":21},"end":{"line":118,"column":null}},"53":{"start":{"line":119,"column":20},"end":{"line":121,"column":null}},"54":{"start":{"line":122,"column":20},"end":{"line":122,"column":null}},"55":{"start":{"line":123,"column":17},"end":{"line":128,"column":null}},"56":{"start":{"line":129,"column":4},"end":{"line":131,"column":null}},"57":{"start":{"line":130,"column":6},"end":{"line":130,"column":null}},"58":{"start":{"line":135,"column":15},"end":{"line":135,"column":null}},"59":{"start":{"line":136,"column":21},"end":{"line":136,"column":null}},"60":{"start":{"line":137,"column":17},"end":{"line":137,"column":null}},"61":{"start":{"line":138,"column":4},"end":{"line":141,"column":null}},"62":{"start":{"line":139,"column":20},"end":{"line":139,"column":null}},"63":{"start":{"line":140,"column":6},"end":{"line":140,"column":null}},"64":{"start":{"line":142,"column":21},"end":{"line":142,"column":null}},"65":{"start":{"line":143,"column":4},"end":{"line":143,"column":null}},"66":{"start":{"line":143,"column":57},"end":{"line":143,"column":null}},"67":{"start":{"line":144,"column":4},"end":{"line":155,"column":null}},"68":{"start":{"line":145,"column":20},"end":{"line":145,"column":null}},"69":{"start":{"line":146,"column":6},"end":{"line":153,"column":null}},"70":{"start":{"line":154,"column":6},"end":{"line":154,"column":null}},"71":{"start":{"line":156,"column":4},"end":{"line":158,"column":null}},"72":{"start":{"line":157,"column":6},"end":{"line":157,"column":null}},"73":{"start":{"line":159,"column":4},"end":{"line":161,"column":null}},"74":{"start":{"line":160,"column":6},"end":{"line":160,"column":null}},"75":{"start":{"line":162,"column":4},"end":{"line":174,"column":null}},"76":{"start":{"line":163,"column":19},"end":{"line":163,"column":null}},"77":{"start":{"line":164,"column":6},"end":{"line":171,"column":null}},"78":{"start":{"line":172,"column":24},"end":{"line":172,"column":null}},"79":{"start":{"line":173,"column":6},"end":{"line":173,"column":null}},"80":{"start":{"line":178,"column":16},"end":{"line":178,"column":null}},"81":{"start":{"line":179,"column":21},"end":{"line":179,"column":null}},"82":{"start":{"line":180,"column":30},"end":{"line":180,"column":null}},"83":{"start":{"line":181,"column":4},"end":{"line":193,"column":null}},"84":{"start":{"line":182,"column":20},"end":{"line":182,"column":null}},"85":{"start":{"line":183,"column":6},"end":{"line":192,"column":null}},"86":{"start":{"line":184,"column":8},"end":{"line":191,"column":null}},"87":{"start":{"line":194,"column":4},"end":{"line":201,"column":null}},"88":{"start":{"line":202,"column":4},"end":{"line":202,"column":null}},"89":{"start":{"line":206,"column":16},"end":{"line":206,"column":null}},"90":{"start":{"line":207,"column":21},"end":{"line":207,"column":null}},"91":{"start":{"line":208,"column":18},"end":{"line":208,"column":null}},"92":{"start":{"line":209,"column":19},"end":{"line":209,"column":null}},"93":{"start":{"line":210,"column":21},"end":{"line":210,"column":null}},"94":{"start":{"line":211,"column":30},"end":{"line":211,"column":null}},"95":{"start":{"line":212,"column":4},"end":{"line":280,"column":null}},"96":{"start":{"line":213,"column":6},"end":{"line":220,"column":null}},"97":{"start":{"line":221,"column":11},"end":{"line":280,"column":null}},"98":{"start":{"line":222,"column":34},"end":{"line":222,"column":null}},"99":{"start":{"line":223,"column":44},"end":{"line":223,"column":null}},"100":{"start":{"line":224,"column":6},"end":{"line":230,"column":null}},"101":{"start":{"line":225,"column":25},"end":{"line":225,"column":null}},"102":{"start":{"line":226,"column":22},"end":{"line":226,"column":null}},"103":{"start":{"line":227,"column":8},"end":{"line":227,"column":null}},"104":{"start":{"line":227,"column":37},"end":{"line":227,"column":null}},"105":{"start":{"line":228,"column":8},"end":{"line":228,"column":null}},"106":{"start":{"line":228,"column":36},"end":{"line":228,"column":null}},"107":{"start":{"line":229,"column":8},"end":{"line":229,"column":null}},"108":{"start":{"line":229,"column":38},"end":{"line":229,"column":null}},"109":{"start":{"line":231,"column":6},"end":{"line":244,"column":null}},"110":{"start":{"line":232,"column":22},"end":{"line":232,"column":null}},"111":{"start":{"line":233,"column":22},"end":{"line":233,"column":null}},"112":{"start":{"line":234,"column":8},"end":{"line":243,"column":null}},"113":{"start":{"line":235,"column":10},"end":{"line":242,"column":null}},"114":{"start":{"line":245,"column":6},"end":{"line":252,"column":null}},"115":{"start":{"line":253,"column":6},"end":{"line":255,"column":null}},"116":{"start":{"line":254,"column":8},"end":{"line":254,"column":null}},"117":{"start":{"line":256,"column":11},"end":{"line":280,"column":null}},"118":{"start":{"line":257,"column":6},"end":{"line":270,"column":null}},"119":{"start":{"line":258,"column":22},"end":{"line":258,"column":null}},"120":{"start":{"line":259,"column":22},"end":{"line":259,"column":null}},"121":{"start":{"line":260,"column":8},"end":{"line":269,"column":null}},"122":{"start":{"line":261,"column":10},"end":{"line":268,"column":null}},"123":{"start":{"line":271,"column":6},"end":{"line":278,"column":null}},"124":{"start":{"line":279,"column":6},"end":{"line":279,"column":null}},"125":{"start":{"line":284,"column":15},"end":{"line":284,"column":null}},"126":{"start":{"line":285,"column":18},"end":{"line":285,"column":null}},"127":{"start":{"line":286,"column":18},"end":{"line":286,"column":null}},"128":{"start":{"line":287,"column":4},"end":{"line":296,"column":null}},"129":{"start":{"line":288,"column":20},"end":{"line":288,"column":null}},"130":{"start":{"line":289,"column":21},"end":{"line":289,"column":null}},"131":{"start":{"line":290,"column":23},"end":{"line":290,"column":null}},"132":{"start":{"line":291,"column":6},"end":{"line":294,"column":null}},"133":{"start":{"line":292,"column":8},"end":{"line":292,"column":null}},"134":{"start":{"line":293,"column":8},"end":{"line":293,"column":null}},"135":{"start":{"line":295,"column":6},"end":{"line":295,"column":null}},"136":{"start":{"line":300,"column":20},"end":{"line":300,"column":null}},"137":{"start":{"line":301,"column":16},"end":{"line":301,"column":null}},"138":{"start":{"line":302,"column":4},"end":{"line":302,"column":null}},"139":{"start":{"line":306,"column":23},"end":{"line":306,"column":null}},"140":{"start":{"line":307,"column":17},"end":{"line":307,"column":null}},"141":{"start":{"line":308,"column":4},"end":{"line":310,"column":null}},"142":{"start":{"line":309,"column":6},"end":{"line":309,"column":null}},"143":{"start":{"line":314,"column":15},"end":{"line":314,"column":null}},"144":{"start":{"line":315,"column":21},"end":{"line":315,"column":null}},"145":{"start":{"line":316,"column":23},"end":{"line":316,"column":null}},"146":{"start":{"line":317,"column":21},"end":{"line":317,"column":null}},"147":{"start":{"line":318,"column":4},"end":{"line":321,"column":null}},"148":{"start":{"line":319,"column":26},"end":{"line":319,"column":null}},"149":{"start":{"line":320,"column":6},"end":{"line":320,"column":null}},"150":{"start":{"line":325,"column":15},"end":{"line":325,"column":null}},"151":{"start":{"line":326,"column":21},"end":{"line":326,"column":null}},"152":{"start":{"line":327,"column":4},"end":{"line":330,"column":null}},"153":{"start":{"line":328,"column":26},"end":{"line":328,"column":null}},"154":{"start":{"line":329,"column":6},"end":{"line":329,"column":null}},"155":{"start":{"line":334,"column":15},"end":{"line":334,"column":null}},"156":{"start":{"line":335,"column":18},"end":{"line":335,"column":null}},"157":{"start":{"line":336,"column":20},"end":{"line":336,"column":null}},"158":{"start":{"line":337,"column":27},"end":{"line":337,"column":null}},"159":{"start":{"line":338,"column":21},"end":{"line":338,"column":null}},"160":{"start":{"line":339,"column":24},"end":{"line":339,"column":null}},"161":{"start":{"line":340,"column":21},"end":{"line":340,"column":null}},"162":{"start":{"line":341,"column":4},"end":{"line":348,"column":null}}},"fnMap":{"0":{"name":"extractReadPaths","decl":{"start":{"line":37,"column":9},"end":{"line":37,"column":26}},"loc":{"start":{"line":37,"column":65},"end":{"line":61,"column":null}},"line":37},"1":{"name":"(anonymous_1)","decl":{"start":{"line":47,"column":52},"end":{"line":47,"column":60}},"loc":{"start":{"line":47,"column":79},"end":{"line":47,"column":100}},"line":47},"2":{"name":"constructor","decl":{"start":{"line":67,"column":2},"end":{"line":67,"column":14}},"loc":{"start":{"line":67,"column":41},"end":{"line":69,"column":null}},"line":67},"3":{"name":"resetSession","decl":{"start":{"line":71,"column":2},"end":{"line":71,"column":15}},"loc":{"start":{"line":71,"column":40},"end":{"line":73,"column":null}},"line":71},"4":{"name":"clearSession","decl":{"start":{"line":75,"column":2},"end":{"line":75,"column":15}},"loc":{"start":{"line":75,"column":40},"end":{"line":77,"column":null}},"line":75},"5":{"name":"dispatch","decl":{"start":{"line":79,"column":2},"end":{"line":79,"column":11}},"loc":{"start":{"line":79,"column":55},"end":{"line":111,"column":null}},"line":79},"6":{"name":"handleMessageMeta","decl":{"start":{"line":113,"column":2},"end":{"line":113,"column":10}},"loc":{"start":{"line":113,"column":53},"end":{"line":132,"column":null}},"line":113},"7":{"name":"handleMessagePartUpdated","decl":{"start":{"line":134,"column":2},"end":{"line":134,"column":10}},"loc":{"start":{"line":134,"column":79},"end":{"line":175,"column":null}},"line":134},"8":{"name":"handleToolCallEvent","decl":{"start":{"line":177,"column":2},"end":{"line":177,"column":10}},"loc":{"start":{"line":177,"column":72},"end":{"line":203,"column":null}},"line":177},"9":{"name":"handleToolStateEvent","decl":{"start":{"line":205,"column":2},"end":{"line":205,"column":10}},"loc":{"start":{"line":205,"column":73},"end":{"line":281,"column":null}},"line":205},"10":{"name":"handleMessagePartDelta","decl":{"start":{"line":283,"column":2},"end":{"line":283,"column":10}},"loc":{"start":{"line":283,"column":77},"end":{"line":297,"column":null}},"line":283},"11":{"name":"handleSessionError","decl":{"start":{"line":299,"column":2},"end":{"line":299,"column":10}},"loc":{"start":{"line":299,"column":54},"end":{"line":303,"column":null}},"line":299},"12":{"name":"handleSessionStatus","decl":{"start":{"line":305,"column":2},"end":{"line":305,"column":10}},"loc":{"start":{"line":305,"column":74},"end":{"line":311,"column":null}},"line":305},"13":{"name":"handleMessageUpdated","decl":{"start":{"line":313,"column":2},"end":{"line":313,"column":10}},"loc":{"start":{"line":313,"column":56},"end":{"line":322,"column":null}},"line":313},"14":{"name":"handleSessionDiff","decl":{"start":{"line":324,"column":2},"end":{"line":324,"column":10}},"loc":{"start":{"line":324,"column":53},"end":{"line":331,"column":null}},"line":324},"15":{"name":"handlePermissionAsked","decl":{"start":{"line":333,"column":2},"end":{"line":333,"column":10}},"loc":{"start":{"line":333,"column":76},"end":{"line":349,"column":null}},"line":333}},"branchMap":{"0":{"loc":{"start":{"line":38,"column":2},"end":{"line":38,"column":null}},"type":"if","locations":[{"start":{"line":38,"column":2},"end":{"line":38,"column":null}},{"start":{},"end":{}}],"line":38},"1":{"loc":{"start":{"line":40,"column":2},"end":{"line":42,"column":null}},"type":"if","locations":[{"start":{"line":40,"column":2},"end":{"line":42,"column":null}},{"start":{},"end":{}}],"line":40},"2":{"loc":{"start":{"line":43,"column":2},"end":{"line":43,"column":null}},"type":"if","locations":[{"start":{"line":43,"column":2},"end":{"line":43,"column":null}},{"start":{},"end":{}}],"line":43},"3":{"loc":{"start":{"line":43,"column":6},"end":{"line":43,"column":41}},"type":"binary-expr","locations":[{"start":{"line":43,"column":6},"end":{"line":43,"column":22}},{"start":{"line":43,"column":22},"end":{"line":43,"column":41}}],"line":43},"4":{"loc":{"start":{"line":44,"column":2},"end":{"line":60,"column":null}},"type":"switch","locations":[{"start":{"line":45,"column":4},"end":{"line":49,"column":null}},{"start":{"line":50,"column":4},"end":{"line":51,"column":null}},{"start":{"line":52,"column":4},"end":{"line":53,"column":null}},{"start":{"line":54,"column":4},"end":{"line":55,"column":null}},{"start":{"line":56,"column":4},"end":{"line":57,"column":null}},{"start":{"line":58,"column":4},"end":{"line":59,"column":null}}],"line":44},"5":{"loc":{"start":{"line":46,"column":6},"end":{"line":46,"column":null}},"type":"if","locations":[{"start":{"line":46,"column":6},"end":{"line":46,"column":null}},{"start":{},"end":{}}],"line":46},"6":{"loc":{"start":{"line":46,"column":10},"end":{"line":46,"column":56}},"type":"binary-expr","locations":[{"start":{"line":46,"column":10},"end":{"line":46,"column":25}},{"start":{"line":46,"column":25},"end":{"line":46,"column":56}}],"line":46},"7":{"loc":{"start":{"line":47,"column":6},"end":{"line":47,"column":null}},"type":"if","locations":[{"start":{"line":47,"column":6},"end":{"line":47,"column":null}},{"start":{},"end":{}}],"line":47},"8":{"loc":{"start":{"line":51,"column":13},"end":{"line":51,"column":null}},"type":"cond-expr","locations":[{"start":{"line":51,"column":63},"end":{"line":51,"column":90}},{"start":{"line":51,"column":90},"end":{"line":51,"column":null}}],"line":51},"9":{"loc":{"start":{"line":51,"column":13},"end":{"line":51,"column":63}},"type":"binary-expr","locations":[{"start":{"line":51,"column":13},"end":{"line":51,"column":28}},{"start":{"line":51,"column":28},"end":{"line":51,"column":63}}],"line":51},"10":{"loc":{"start":{"line":53,"column":13},"end":{"line":53,"column":null}},"type":"cond-expr","locations":[{"start":{"line":53,"column":63},"end":{"line":53,"column":90}},{"start":{"line":53,"column":90},"end":{"line":53,"column":null}}],"line":53},"11":{"loc":{"start":{"line":53,"column":13},"end":{"line":53,"column":63}},"type":"binary-expr","locations":[{"start":{"line":53,"column":13},"end":{"line":53,"column":28}},{"start":{"line":53,"column":28},"end":{"line":53,"column":63}}],"line":53},"12":{"loc":{"start":{"line":55,"column":13},"end":{"line":55,"column":null}},"type":"cond-expr","locations":[{"start":{"line":55,"column":60},"end":{"line":55,"column":84}},{"start":{"line":55,"column":84},"end":{"line":55,"column":null}}],"line":55},"13":{"loc":{"start":{"line":55,"column":13},"end":{"line":55,"column":60}},"type":"binary-expr","locations":[{"start":{"line":55,"column":13},"end":{"line":55,"column":28}},{"start":{"line":55,"column":28},"end":{"line":55,"column":60}}],"line":55},"14":{"loc":{"start":{"line":57,"column":13},"end":{"line":57,"column":null}},"type":"cond-expr","locations":[{"start":{"line":57,"column":59},"end":{"line":57,"column":82}},{"start":{"line":57,"column":82},"end":{"line":57,"column":null}}],"line":57},"15":{"loc":{"start":{"line":57,"column":13},"end":{"line":57,"column":59}},"type":"binary-expr","locations":[{"start":{"line":57,"column":13},"end":{"line":57,"column":28}},{"start":{"line":57,"column":28},"end":{"line":57,"column":59}}],"line":57},"16":{"loc":{"start":{"line":81,"column":30},"end":{"line":81,"column":null}},"type":"binary-expr","locations":[{"start":{"line":81,"column":30},"end":{"line":81,"column":62}},{"start":{"line":81,"column":62},"end":{"line":81,"column":null}}],"line":81},"17":{"loc":{"start":{"line":82,"column":27},"end":{"line":82,"column":null}},"type":"cond-expr","locations":[{"start":{"line":82,"column":67},"end":{"line":82,"column":87}},{"start":{"line":82,"column":87},"end":{"line":82,"column":null}}],"line":82},"18":{"loc":{"start":{"line":86,"column":4},"end":{"line":86,"column":null}},"type":"if","locations":[{"start":{"line":86,"column":4},"end":{"line":86,"column":null}},{"start":{},"end":{}}],"line":86},"19":{"loc":{"start":{"line":86,"column":8},"end":{"line":86,"column":93}},"type":"binary-expr","locations":[{"start":{"line":86,"column":8},"end":{"line":86,"column":26}},{"start":{"line":86,"column":26},"end":{"line":86,"column":58}},{"start":{"line":86,"column":58},"end":{"line":86,"column":93}}],"line":86},"20":{"loc":{"start":{"line":88,"column":4},"end":{"line":110,"column":null}},"type":"switch","locations":[{"start":{"line":89,"column":6},"end":{"line":91,"column":null}},{"start":{"line":92,"column":6},"end":{"line":94,"column":null}},{"start":{"line":95,"column":6},"end":{"line":97,"column":null}},{"start":{"line":98,"column":6},"end":{"line":100,"column":null}},{"start":{"line":101,"column":6},"end":{"line":103,"column":null}},{"start":{"line":104,"column":6},"end":{"line":106,"column":null}},{"start":{"line":107,"column":6},"end":{"line":109,"column":null}}],"line":88},"21":{"loc":{"start":{"line":116,"column":4},"end":{"line":116,"column":null}},"type":"if","locations":[{"start":{"line":116,"column":4},"end":{"line":116,"column":null}},{"start":{},"end":{}}],"line":116},"22":{"loc":{"start":{"line":116,"column":8},"end":{"line":116,"column":86}},"type":"binary-expr","locations":[{"start":{"line":116,"column":8},"end":{"line":116,"column":30}},{"start":{"line":116,"column":30},"end":{"line":116,"column":67}},{"start":{"line":116,"column":67},"end":{"line":116,"column":86}}],"line":116},"23":{"loc":{"start":{"line":117,"column":18},"end":{"line":117,"column":null}},"type":"cond-expr","locations":[{"start":{"line":117,"column":58},"end":{"line":117,"column":88}},{"start":{"line":117,"column":88},"end":{"line":117,"column":null}}],"line":117},"24":{"loc":{"start":{"line":118,"column":21},"end":{"line":118,"column":null}},"type":"cond-expr","locations":[{"start":{"line":118,"column":51},"end":{"line":118,"column":98}},{"start":{"line":118,"column":98},"end":{"line":118,"column":null}}],"line":118},"25":{"loc":{"start":{"line":119,"column":20},"end":{"line":121,"column":null}},"type":"cond-expr","locations":[{"start":{"line":120,"column":8},"end":{"line":120,"column":null}},{"start":{"line":121,"column":8},"end":{"line":121,"column":null}}],"line":119},"26":{"loc":{"start":{"line":119,"column":20},"end":{"line":119,"column":null}},"type":"binary-expr","locations":[{"start":{"line":119,"column":20},"end":{"line":119,"column":32}},{"start":{"line":119,"column":32},"end":{"line":119,"column":78}},{"start":{"line":119,"column":78},"end":{"line":119,"column":null}}],"line":119},"27":{"loc":{"start":{"line":122,"column":20},"end":{"line":122,"column":null}},"type":"cond-expr","locations":[{"start":{"line":122,"column":49},"end":{"line":122,"column":95}},{"start":{"line":122,"column":95},"end":{"line":122,"column":null}}],"line":122},"28":{"loc":{"start":{"line":123,"column":17},"end":{"line":128,"column":null}},"type":"cond-expr","locations":[{"start":{"line":124,"column":8},"end":{"line":127,"column":null}},{"start":{"line":128,"column":8},"end":{"line":128,"column":null}}],"line":123},"29":{"loc":{"start":{"line":125,"column":19},"end":{"line":125,"column":null}},"type":"cond-expr","locations":[{"start":{"line":125,"column":61},"end":{"line":125,"column":93}},{"start":{"line":125,"column":93},"end":{"line":125,"column":null}}],"line":125},"30":{"loc":{"start":{"line":126,"column":21},"end":{"line":126,"column":null}},"type":"cond-expr","locations":[{"start":{"line":126,"column":65},"end":{"line":126,"column":99}},{"start":{"line":126,"column":99},"end":{"line":126,"column":null}}],"line":126},"31":{"loc":{"start":{"line":129,"column":4},"end":{"line":131,"column":null}},"type":"if","locations":[{"start":{"line":129,"column":4},"end":{"line":131,"column":null}},{"start":{},"end":{}}],"line":129},"32":{"loc":{"start":{"line":129,"column":8},"end":{"line":129,"column":34}},"type":"binary-expr","locations":[{"start":{"line":129,"column":8},"end":{"line":129,"column":17}},{"start":{"line":129,"column":17},"end":{"line":129,"column":28}},{"start":{"line":129,"column":28},"end":{"line":129,"column":34}}],"line":129},"33":{"loc":{"start":{"line":137,"column":17},"end":{"line":137,"column":null}},"type":"cond-expr","locations":[{"start":{"line":137,"column":38},"end":{"line":137,"column":76}},{"start":{"line":137,"column":76},"end":{"line":137,"column":null}}],"line":137},"34":{"loc":{"start":{"line":138,"column":4},"end":{"line":141,"column":null}},"type":"if","locations":[{"start":{"line":138,"column":4},"end":{"line":141,"column":null}},{"start":{},"end":{}}],"line":138},"35":{"loc":{"start":{"line":138,"column":8},"end":{"line":138,"column":84}},"type":"binary-expr","locations":[{"start":{"line":138,"column":8},"end":{"line":138,"column":16}},{"start":{"line":138,"column":16},"end":{"line":138,"column":50}},{"start":{"line":138,"column":50},"end":{"line":138,"column":84}}],"line":138},"36":{"loc":{"start":{"line":142,"column":21},"end":{"line":142,"column":null}},"type":"cond-expr","locations":[{"start":{"line":142,"column":65},"end":{"line":142,"column":91}},{"start":{"line":142,"column":91},"end":{"line":142,"column":null}}],"line":142},"37":{"loc":{"start":{"line":142,"column":21},"end":{"line":142,"column":65}},"type":"binary-expr","locations":[{"start":{"line":142,"column":21},"end":{"line":142,"column":29}},{"start":{"line":142,"column":29},"end":{"line":142,"column":65}}],"line":142},"38":{"loc":{"start":{"line":143,"column":4},"end":{"line":143,"column":null}},"type":"if","locations":[{"start":{"line":143,"column":4},"end":{"line":143,"column":null}},{"start":{},"end":{}}],"line":143},"39":{"loc":{"start":{"line":143,"column":8},"end":{"line":143,"column":57}},"type":"binary-expr","locations":[{"start":{"line":143,"column":8},"end":{"line":143,"column":31}},{"start":{"line":143,"column":31},"end":{"line":143,"column":57}}],"line":143},"40":{"loc":{"start":{"line":144,"column":4},"end":{"line":155,"column":null}},"type":"if","locations":[{"start":{"line":144,"column":4},"end":{"line":155,"column":null}},{"start":{},"end":{}}],"line":144},"41":{"loc":{"start":{"line":145,"column":20},"end":{"line":145,"column":null}},"type":"cond-expr","locations":[{"start":{"line":145,"column":49},"end":{"line":145,"column":95}},{"start":{"line":145,"column":95},"end":{"line":145,"column":null}}],"line":145},"42":{"loc":{"start":{"line":147,"column":12},"end":{"line":147,"column":null}},"type":"cond-expr","locations":[{"start":{"line":147,"column":48},"end":{"line":147,"column":74}},{"start":{"line":147,"column":74},"end":{"line":147,"column":null}}],"line":147},"43":{"loc":{"start":{"line":150,"column":16},"end":{"line":150,"column":null}},"type":"cond-expr","locations":[{"start":{"line":150,"column":52},"end":{"line":150,"column":66}},{"start":{"line":150,"column":66},"end":{"line":150,"column":null}}],"line":150},"44":{"loc":{"start":{"line":151,"column":
[...]
tart":{"line":249,"column":57},"end":{"line":249,"column":null}}],"line":249},"47":{"loc":{"start":{"line":265,"column":14},"end":{"line":268,"column":null}},"type":"if","locations":[{"start":{"line":265,"column":14},"end":{"line":268,"column":null}},{"start":{},"end":{}}],"line":265},"48":{"loc":{"start":{"line":266,"column":58},"end":{"line":266,"column":88}},"type":"binary-expr","locations":[{"start":{"line":266,"column":58},"end":{"line":266,"column":82}},{"start":{"line":266,"column":82},"end":{"line":266,"column":88}}],"line":266},"49":{"loc":{"start":{"line":275,"column":20},"end":{"line":275,"column":44}},"type":"binary-expr","locations":[{"start":{"line":275,"column":20},"end":{"line":275,"column":42}},{"start":{"line":275,"column":42},"end":{"line":275,"column":44}}],"line":275},"50":{"loc":{"start":{"line":282,"column":22},"end":{"line":282,"column":null}},"type":"binary-expr","locations":[{"start":{"line":282,"column":22},"end":{"line":282,"column":41}},{"start":{"line":282,"column":41},"end":{"line":282,"column":null}}],"line":282},"51":{"loc":{"start":{"line":283,"column":23},"end":{"line":283,"column":null}},"type":"binary-expr","locations":[{"start":{"line":283,"column":23},"end":{"line":283,"column":48}},{"start":{"line":283,"column":48},"end":{"line":283,"column":null}}],"line":283},"52":{"loc":{"start":{"line":289,"column":16},"end":{"line":298,"column":null}},"type":"if","locations":[{"start":{"line":289,"column":16},"end":{"line":298,"column":null}},{"start":{},"end":{}}],"line":289},"53":{"loc":{"start":{"line":290,"column":68},"end":{"line":290,"column":89}},"type":"binary-expr","locations":[{"start":{"line":290,"column":68},"end":{"line":290,"column":87}},{"start":{"line":290,"column":87},"end":{"line":290,"column":89}}],"line":290},"54":{"loc":{"start":{"line":294,"column":28},"end":{"line":294,"column":null}},"type":"binary-expr","locations":[{"start":{"line":294,"column":28},"end":{"line":294,"column":41}},{"start":{"line":294,"column":41},"end":{"line":294,"column":null}}],"line":294},"55":{"loc":{"start":{"line":310,"column":20},"end":{"line":310,"column":null}},"type":"binary-expr","locations":[{"start":{"line":310,"column":20},"end":{"line":310,"column":42}},{"start":{"line":310,"column":42},"end":{"line":310,"column":null}}],"line":310},"56":{"loc":{"start":{"line":311,"column":23},"end":{"line":311,"column":null}},"type":"binary-expr","locations":[{"start":{"line":311,"column":23},"end":{"line":311,"column":48}},{"start":{"line":311,"column":48},"end":{"line":311,"column":null}}],"line":311},"57":{"loc":{"start":{"line":317,"column":10},"end":{"line":319,"column":null}},"type":"if","locations":[{"start":{"line":317,"column":10},"end":{"line":319,"column":null}},{"start":{},"end":{}}],"line":317},"58":{"loc":{"start":{"line":317,"column":14},"end":{"line":317,"column":66}},"type":"binary-expr","locations":[{"start":{"line":317,"column":14},"end":{"line":317,"column":43}},{"start":{"line":317,"column":43},"end":{"line":317,"column":66}}],"line":317}},"s":{"0":0,"1":0,"2":0,"3":0,"4":0,"5":0,"6":0,"7":0,"8":0,"9":0,"10":0,"11":0,"12":0,"13":0,"14":0,"15":0,"16":0,"17":0,"18":0,"19":0,"20":0,"21":0,"22":0,"23":0,"24":0,"25":0,"26":0,"27":0,"28":0,"29":0,"30":0,"31":0,"32":0,"33":0,"34":0,"35":0,"36":0,"37":0,"38":0,"39":0,"40":0,"41":0,"42":0,"43":0,"44":0,"45":0,"46":0,"47":0,"48":0,"49":0,"50":0,"51":0,"52":0,"53":0,"54":0,"55":0,"56":0,"57":0,"58":0,"59":0,"60":0,"61":0,"62":0,"63":0,"64":0,"65":0,"66":0,"67":0,"68":0,"69":0,"70":0,"71":0,"72":0,"73":0,"74":0,"75":0,"76":0,"77":0,"78":0,"79":0,"80":0,"81":0,"82":0,"83":0,"84":0,"85":0,"86":0,"87":0,"88":0,"89":0,"90":0,"91":0,"92":0,"93":0,"94":0,"95":0,"96":0,"97":0,"98":0,"99":0,"100":0,"101":0,"102":0,"103":0,"104":0,"105":0,"106":0,"107":0,"108":0,"109":0,"110":0,"111":0,"112":0,"113":0,"114":0,"115":0,"116":0,"117":0,"118":0,"119":0,"120":0,"121":0,"122":0,"123":0,"124":0,"125":0,"126":0,"127":0,"128":0,"129":0,"130":0,"131":0,"132":0,"133":0,"134":0,"135":0,"136":0,"137":0,"138":0,"139":0,"140":0,"141":0,"142":0,"143":0,"144":0,"145":0,"146":0,"147":0,"148":0,"149":0,"150":0,"151":0,"152":0,"153":0,"154":0,"155":0,"156":0,"157":0,"158":0,"159":0,"160":0,"161":0,"162":0,"163":0},"f":{"0":0,"1":0,"2":0,"3":0,"4":0,"5":0,"6":0,"7":0,"8":0,"9":0,"10":0,"11":0,"12":0,"13":0,"14":0,"15":0,"16":0,"17":0},"b":{"0":[0,0,0,0,0,0,0,0,0,0,0,0,0,0,0,0,0,0],"1":[0,0],"2":[0,0],"3":[0,0],"4":[0,0],"5":[0,0],"6":[0,0],"7":[0,0],"8":[0,0],"9":[0,0],"10":[0,0],"11":[0,0],"12":[0,0,0],"13":[0,0],"14":[0,0],"15":[0,0],"16":[0,0],"17":[0,0],"18":[0,0],"19":[0,0],"20":[0,0],"21":[0,0],"22":[0,0],"23":[0,0],"24":[0,0],"25":[0,0],"26":[0,0,0,0,0],"27":[0,0],"28":[0,0],"29":[0,0,0,0,0,0,0],"30":[0,0],"31":[0,0],"32":[0,0],"33":[0,0],"34":[0,0],"35":[0,0],"36":[0,0],"37":[0,0],"38":[0,0],"39":[0,0],"40":[0,0],"41":[0,0],"42":[0,0],"43":[0,0],"44":[0,0],"45":[0,0],"46":[0,0],"47":[0,0],"48":[0,0],"49":[0,0],"50":[0,0],"51":[0,0],"52":[0,0],"53":[0,0],"54":[0,0],"55":[0,0],"56":[0,0],"57":[0,0],"58":[0,0]},"meta":{"lastBranch":59,"lastFunction":18,"lastStatement":164,"seen":{"f:44:16:44:34":0,"s:53:6:53:Infinity":0,"s:55:25:55:Infinity":1,"s:57:2:338:Infinity":2,"f:57:2:57:18":1,"s:58:35:58:Infinity":3,"s:59:29:59:Infinity":4,"s:61:24:323:Infinity":5,"f:61:24:61:35":2,"b:63:8:77:Infinity:78:8:115:Infinity:116:8:133:Infinity:134:8:137:Infinity:138:8:146:Infinity:147:8:150:Infinity:151:8:162:Infinity:163:8:170:Infinity:171:8:179:Infinity:180:8:184:Infinity:185:8:233:Infinity:234:8:242:Infinity:243:8:259:Infinity:260:8:273:Infinity:274:8:277:Infinity:278:8:306:Infinity:307:8:314:Infinity:315:8:321:Infinity":0,"s:62:6:322:Infinity":6,"s:64:10:64:Infinity":7,"s:65:38:70:Infinity":8,"b:71:10:71:Infinity:undefined:undefined:undefined:undefined":1,"s:71:10:71:Infinity":9,"s:71:48:71:Infinity":10,"s:72:10:75:Infinity":11,"f:72:10:72:23":3,"s:73:28:73:Infinity":12,"s:74:12:74:Infinity":13,"s:76:10:76:Infinity":14,"b:79:10:79:Infinity:undefined:undefined:undefined:undefined":2,"s:79:10:79:Infinity":15,"s:79:38:79:Infinity":16,"b:80:10:113:Infinity:105:17:113:Infinity":3,"s:80:10:113:Infinity":17,"s:81:12:81:Infinity":18,"s:82:12:82:Infinity":19,"s:83:12:104:Infinity":20,"f:83:12:83:25":4,"s:84:34:84:Infinity":21,"s:85:30:85:Infinity":22,"b:86:14:102:Infinity:92:21:102:Infinity":4,"s:86:14:102:Infinity":23,"s:87:16:91:Infinity":24,"b:89:27:89:54:89:54:89:Infinity":5,"s:93:30:93:36":25,"s:94:16:94:Infinity":26,"s:95:16:101:Infinity":27,"b:97:27:97:54:97:54:97:Infinity":6,"s:103:14:103:Infinity":28,"s:106:12:106:Infinity":29,"b:106:39:106:62:106:62:106:Infinity":7,"b:107:12:112:Infinity:undefined:undefined:undefined:undefined":8,"s:107:12:112:Infinity":30,"s:108:14:111:Infinity":31,"f:108:43:108:60":5,"s:109:16:109:Infinity":32,"b:110:16:110:Infinity:undefined:undefined:undefined:undefined":9,"s:110:16:110:Infinity":33,"s:110:45:110:Infinity":34,"s:114:10:114:Infinity":35,"s:117:10:117:Infinity":36,"s:118:10:118:Infinity":37,"s:119:10:119:Infinity":38,"s:120:10:120:Infinity":39,"s:121:10:130:Infinity":40,"f:121:10:121:23":6,"s:122:12:128:Infinity":41,"s:122:25:122:42":42,"b:123:14:127:Infinity:undefined:undefined:undefined:undefined":10,"s:123:14:127:Infinity":43,"s:124:32:124:Infinity":44,"s:125:16:125:Infinity":45,"s:126:16:126:Infinity":46,"s:129:12:129:Infinity":47,"s:131:10:131:Infinity":48,"s:132:10:132:Infinity":49,"s:135:10:135:Infinity":50,"s:136:10:136:Infinity":51,"s:139:10:139:Infinity":52,"s:140:48:140:Infinity":53,"b:141:10:144:Infinity:undefined:undefined:undefined:undefined":11,"s:141:10:144:Infinity":54,"s:143:12:143:Infinity":55,"s:145:10:145:Infinity":56,"s:148:10:148:Infinity":57,"s:149:10:149:Infinity":58,"s:152:26:152:Infinity":59,"s:153:27:153:Infinity":60,"s:154:26:154:Infinity":61,"s:155:22:155:Infinity":62,"s:156:10:160:Infinity":63,"f:156:10:156:22":7,"s:156:32:160:12":64,"b:157:25:157:43:157:43:157:60:157:60:157:Infinity":12,"b:158:20:158:35:158:35:158:Infinity":13,"b:159:28:159:44:159:44:159:Infinity":14,"s:161:10:161:Infinity":65,"s:164:10:167:Infinity":66,"f:164:10:164:23":8,"s:164:32:167:11":67,"s:168:10:168:Infinity":68,"s:169:10:169:Infinity":69,"b:172:10:177:Infinity:undefined:undefined:undefined:undefined":15,"s:172:10:177:Infinity":70,"s:173:29:175:Infinity":71,"b:174:16:174:Infinity:175:17:175:Infinity":16,"b:176:12:176:Infinity:undefined:undefined:undefined:undefined":17,"s:176:12:176:Infinity":72,"s:176:26:176:Infinity":73,"s:178:10:178:Infinity":74,"s:181:10:181:Infinity":75,"b:181:31:181:52:181:52:181:54":18,"s:182:10:182:Infinity":76,"b:182:29:182:50:182:50:182:52":19,"s:183:10:183:Infinity":77,"s:186:24:186:Infinity":78,"s:187:26:187:Infinity":79,"b:187:26:187:38:187:38:187:Infinity":20,"s:188:32:188:Infinity":80,"b:189:10:231:Infinity:199:17:231:Infinity":21,"s:189:10:231:Infinity":81,"s:190:12:198:Infinity":82,"f:190:12:190:30":9,"s:191:26:191:Infinity":83,"f:191:31:191:42":10,"s:191:48:191:64":84,"b:192:14:196:Infinity:undefined:undefined:undefined:undefined":22,"s:192:14:196:Infinity":85,"s:193:32:193:Infinity":86,"s:194:16:194:Infinity":87,"b:194:81:194:98:194:98:194:102":23,"s:195:16:195:Infinity":88,"s:197:14:197:Infinity":89,"b:197:95:197:112:197:112:197:116":24,"s:200:12:200:Infinity":90,"s:201:27:201:Infinity":91,"b:201:27:201:39:201:39:201:Infinity":25,"s:202:12:230:Infinity":92,"f:202:12:202:25":11,"s:203:26:207:Infinity":93,"f:203:31:203:42":12,"s:204:16:206:Infinity":94,"b:204:16:204:Infinity:205:16:205:Infinity:206:17:206:36:206:36:206:67:206:67:206:Infinity":26,"b:208:14:212:Infinity:undefined:undefined:undefined:undefined":27,"s:208:14:212:Infinity":95,"s:209:32:209:Infinity":96,"s:210:16:210:Infinity":97,"b:210:59:210:76:210:76:210:80":28,"s:211:16:211:Infinity":98,"s:215:27:215:Infinity":99,"s:216:31:222:Infinity":100,"b:216:31:216:Infinity:217:16:217:Infinity:218:16:218:Infinity:219:16:219:Infinity:220:16:220:Infinity:221:16:221:Infinity:222:16:222:Infinity":29,"b:220:34:220:51:220:51:220:Infinity":30,"b:221:31:221:55:221:55:221:59":31,"b:221:81:221:168:221:168:221:172":32,"b:221:105:221:154:221:154:221:168":33,"b:222:31:222:57:222:57:222:61":34,"b:222:83:222:172:222:172:222:176":35,"b:222:107:222:158:222:158:222:172":36,"b:223:14:227:Infinity:undefined:undefined:undefined:undefined":37,"s:223:14:227:Infinity":101,"b:223:18:223:30:223:30:223:36":38,"s:224:32:224:Infinity":102,"s:225:16:225:Infinity":103,"b:225:67:225:86:225:86:225:91":39,"s:226:16:226:Infinity":104,"s:228:28:228:Infinity":105,"b:228:37:228:65:228:65:228:Infinity":40,"s:229:14:229:Infinity":106,"b:229:57:229:74:229:74:229:78":41,"s:232:10:232:Infinity":107,"s:235:58:235:Infinity":108,"s:236:10:236:Infinity":109,"b:237:10:239:Infinity:undefined:undefined:undefined:undefined":42,"s:237:10:239:Infinity":110,"s:238:12:238:Infinity":111,"s:240:10:240:Infinity":112,"s:241:10:241:Infinity":113,"s:244:23:244:Infinity":114,"s:245:10:257:Infinity":115,"f:245:10:245:23":13,"s:246:28:246:Infinity":116,"s:247:12:255:Infinity":117,"s:247:25:247:45":118,"b:248:14:254:Infinity:undefined:undefined:undefined:undefined":43,"s:248:14:254:Infinity":119,"b:248:18:248:53:248:53:248:72":44,"s:249:33:251:Infinity":120,"b:250:20:250:Infinity:251:20:251:Infinity":45,"b:249:33:249:57:249:57:249:Infinity":46,"s:252:16:252:Infinity":121,"s:253:16:253:Infinity":122,"s:256:12:256:Infinity":123,"s:258:10:258:Infinity":124,"s:261:23:261:Infinity":125,"s:262:10:271:Infinity":126,"f:262:10:262:23":14,"s:263:28:263:Infinity":127,"s:264:12:269:Infinity":128,"s:264:25:264:45":129,"b:265:14:268:Infinity:undefined:undefined:undefined:undefined":47,"s:265:14:268:Infinity":130,"s:266:16:266:Infinity":131,"b:266:58:266:82:266:82:266:88":48,"s:267:16:267:Infinity":132,"s:270:12:270:Infinity":133,"s:272:10:272:Infinity":134,"s:275:10:275:Infinity":135,"b:275:20:275:42:275:42:275:44":49,"s:276:10:276:Infinity":136,"s:279:21:279:Infinity":137,"s:280:10:280:Infinity":138,"s:282:22:282:Infinity":139,"b:282:22:282:41:282:41:282:Infinity":50,"s:283:23:283:Infinity":140,"b:283:23:283:48:283:48:283:Infinity":51,"s:284:21:284:Infinity":141,"s:285:10:304:Infinity":142,"f:285:10:285:20":15,"s:286:12:302:Infinity":143,"f:286:12:286:29":16,"s:287:42:287:Infinity":144,"s:288:14:299:Infinity":145,"b:289:16:298:Infinity:undefined:undefined:undefined:undefined":52,"s:289:16:298:Infinity":146,"s:290:18:297:Infinity":147,"b:290:68:290:87:290:87:290:89":53,"s:291:33:291:Infinity":148,"s:292:20:296:Infinity":149,"b:294:28:294:41:294:41:294:Infinity":54,"s:300:14:300:Infinity":150,"s:301:14:301:Infinity":151,"s:303:12:303:Infinity":152,"s:305:10:305:Infinity":153,"s:308:10:312:Infinity":154,"b:310:20:310:42:310:42:310:Infinity":55,"b:311:23:311:48:311:48:311:Infinity":56,"s:313:10:313:Infinity":155,"s:316:29:316:Infinity":156,"b:317:10:319:Infinity:undefined:undefined:undefined:undefined":57,"s:317:10:319:Infinity":157,"b:317:14:317:43:317:43:317:66":58,"s:318:12:318:Infinity":158,"s:320:10:320:Infinity":159,"s:325:4:329:Infinity":160,"f:325:4:325:17":17,"s:326:6:326:Infinity":161,"s:327:6:327:Infinity":162,"s:328:6:328:Infinity":163},"fnNames":{}}}
,"C:\\Projects\\opencode_sidebar\\src\\webview\\hooks\\useModelManager.ts": {"path":"C:\\Projects\\opencode_sidebar\\src\\webview\\hooks\\useModelManager.ts","statementMap":{"0":{"start":{"line":10,"column":28},"end":{"line":10,"column":null}},"1":{"start":{"line":11,"column":26},"end":{"line":11,"column":null}},"2":{"start":{"line":12,"column":32},"end":{"line":16,"column":null}},"3":{"start":{"line":17,"column":48},"end":{"line":17,"column":null}},"4":{"start":{"line":18,"column":42},"end":{"line":18,"column":null}},"5":{"start":{"line":19,"column":48},"end":{"line":19,"column":null}},"6":{"start":{"line":20,"column":30},"end":{"line":20,"column":null}},"7":{"start":{"line":21,"column":52},"end":{"line":21,"column":null}},"8":{"start":{"line":22,"column":48},"end":{"line":22,"column":null}},"9":{"start":{"line":23,"column":42},"end":{"line":23,"column":null}},"10":{"start":{"line":24,"column":44},"end":{"line":24,"column":null}},"11":{"start":{"line":25,"column":58},"end":{"line":25,"column":null}},"12":{"start":{"line":26,"column":44},"end":{"line":26,"column":null}},"13":{"start":{"line":27,"column":42},"end":{"line":27,"column":null}},"14":{"start":{"line":29,"column":27},"end":{"line":29,"column":null}},"15":{"start":{"line":31,"column":2},"end":{"line":35,"column":null}},"16":{"start":{"line":32,"column":4},"end":{"line":34,"column":null}},"17":{"start":{"line":33,"column":6},"end":{"line":33,"column":null}},"18":{"start":{"line":37,"column":32},"end":{"line":39,"column":null}},"19":{"start":{"line":38,"column":4},"end":{"line":38,"column":null}},"20":{"start":{"line":38,"column":31},"end":{"line":38,"column":70}},"21":{"start":{"line":41,"column":32},"end":{"line":52,"column":null}},"22":{"start":{"line":42,"column":4},"end":{"line":51,"column":null}},"23":{"start":{"line":43,"column":19},"end":{"line":43,"column":null}},"24":{"start":{"line":44,"column":6},"end":{"line":49,"column":null}},"25":{"start":{"line":45,"column":8},"end":{"line":48,"column":null}},"26":{"start":{"line":46,"column":10},"end":{"line":47,"column":null}},"27":{"start":{"line":46,"column":20},"end":{"line":46,"column":null}},"28":{"start":{"line":47,"column":15},"end":{"line":47,"column":null}},"29":{"start":{"line":50,"column":6},"end":{"line":50,"column":null}},"30":{"start":{"line":54,"column":30},"end":{"line":57,"column":null}},"31":{"start":{"line":55,"column":4},"end":{"line":55,"column":null}},"32":{"start":{"line":56,"column":4},"end":{"line":56,"column":null}},"33":{"start":{"line":59,"column":29},"end":{"line":62,"column":null}},"34":{"start":{"line":60,"column":17},"end":{"line":60,"column":null}},"35":{"start":{"line":61,"column":4},"end":{"line":61,"column":null}},"36":{"start":{"line":61,"column":14},"end":{"line":61,"column":null}},"37":{"start":{"line":64,"column":2},"end":{"line":81,"column":null}}},"fnMap":{"0":{"name":"useModelManager","decl":{"start":{"line":9,"column":16},"end":{"line":9,"column":34}},"loc":{"start":{"line":9,"column":34},"end":{"line":82,"column":null}},"line":9},"1":{"name":"(anonymous_1)","decl":{"start":{"line":31,"column":2},"end":{"line":31,"column":18}},"loc":{"start":{"line":31,"column":18},"end":{"line":35,"column":5}},"line":31},"2":{"name":"(anonymous_2)","decl":{"start":{"line":37,"column":32},"end":{"line":37,"column":45}},"loc":{"start":{"line":37,"column":65},"end":{"line":39,"column":5}},"line":37},"3":{"name":"(anonymous_3)","decl":{"start":{"line":38,"column":4},"end":{"line":38,"column":21}},"loc":{"start":{"line":38,"column":31},"end":{"line":38,"column":70}},"line":38},"4":{"name":"(anonymous_4)","decl":{"start":{"line":41,"column":32},"end":{"line":41,"column":45}},"loc":{"start":{"line":41,"column":83},"end":{"line":52,"column":5}},"line":41},"5":{"name":"(anonymous_5)","decl":{"start":{"line":42,"column":4},"end":{"line":42,"column":21}},"loc":{"start":{"line":42,"column":30},"end":{"line":51,"column":5}},"line":42},"6":{"name":"(anonymous_6)","decl":{"start":{"line":54,"column":30},"end":{"line":54,"column":43}},"loc":{"start":{"line":54,"column":74},"end":{"line":57,"column":5}},"line":54},"7":{"name":"(anonymous_7)","decl":{"start":{"line":59,"column":29},"end":{"line":59,"column":42}},"loc":{"start":{"line":59,"column":121},"end":{"line":62,"column":5}},"line":59}},"branchMap":{"0":{"loc":{"start":{"line":32,"column":4},"end":{"line":34,"column":null}},"type":"if","locations":[{"start":{"line":32,"column":4},"end":{"line":34,"column":null}},{"start":{},"end":{}}],"line":32},"1":{"loc":{"start":{"line":45,"column":8},"end":{"line":48,"column":null}},"type":"if","locations":[{"start":{"line":45,"column":8},"end":{"line":48,"column":null}},{"start":{},"end":{}}],"line":45},"2":{"loc":{"start":{"line":46,"column":10},"end":{"line":47,"column":null}},"type":"if","locations":[{"start":{"line":46,"column":10},"end":{"line":47,"column":null}},{"start":{"line":47,"column":15},"end":{"line":47,"column":null}}],"line":46},"3":{"loc":{"start":{"line":61,"column":4},"end":{"line":61,"column":null}},"type":"if","locations":[{"start":{"line":61,"column":4},"end":{"line":61,"column":null}},{"start":{},"end":{}}],"line":61}},"s":{"0":0,"1":0,"2":0,"3":0,"4":0,"5":0,"6":0,"7":0,"8":0,"9":0,"10":0,"11":0,"12":0,"13":0,"14":0,"15":0,"16":0,"17":0,"18":0,"19":0,"20":0,"21":0,"22":0,"23":0,"24":0,"25":0,"26":0,"27":0,"28":0,"29":0,"30":0,"31":0,"32":0,"33":0,"34":0,"35":0,"36":0,"37":0},"f":{"0":0,"1":0,"2":0,"3":0,"4":0,"5":0,"6":0,"7":0},"b":{"0":[0,0],"1":[0,0],"2":[0,0],"3":[0,0]},"meta":{"lastBranch":4,"lastFunction":8,"lastStatement":38,"seen":{"f:9:16:9:34":0,"s:10:28:10:Infinity":0,"s:11:26:11:Infinity":1,"s:12:32:16:Infinity":2,"s:17:48:17:Infinity":3,"s:18:42:18:Infinity":4,"s:19:48:19:Infinity":5,"s:20:30:20:Infinity":6,"s:21:52:21:Infinity":7,"s:22:48:22:Infinity":8,"s:23:42:23:Infinity":9,"s:24:44:24:Infinity":10,"s:25:58:25:Infinity":11,"s:26:44:26:Infinity":12,"s:27:42:27:Infinity":13,"s:29:27:29:Infinity":14,"s:31:2:35:Infinity":15,"f:31:2:31:18":1,"b:32:4:34:Infinity:undefined:undefined:undefined:undefined":0,"s:32:4:34:Infinity":16,"s:33:6:33:Infinity":17,"s:37:32:39:Infinity":18,"f:37:32:37:45":2,"s:38:4:38:Infinity":19,"f:38:4:38:21":3,"s:38:31:38:70":20,"s:41:32:52:Infinity":21,"f:41:32:41:45":4,"s:42:4:51:Infinity":22,"f:42:4:42:21":5,"s:43:19:43:Infinity":23,"s:44:6:49:Infinity":24,"b:45:8:48:Infinity:undefined:undefined:undefined:undefined":1,"s:45:8:48:Infinity":25,"b:46:10:47:Infinity:47:15:47:Infinity":2,"s:46:10:47:Infinity":26,"s:46:20:46:Infinity":27,"s:47:15:47:Infinity":28,"s:50:6:50:Infinity":29,"s:54:30:57:Infinity":30,"f:54:30:54:43":6,"s:55:4:55:Infinity":31,"s:56:4:56:Infinity":32,"s:59:29:62:Infinity":33,"f:59:29:59:42":7,"s:60:17:60:Infinity":34,"b:61:4:61:Infinity:undefined:undefined:undefined:undefined":3,"s:61:4:61:Infinity":35,"s:61:14:61:Infinity":36,"s:64:2:81:Infinity":37},"fnNames":{}}}
}
